;  LST file generated by mikroListExporter - v.2.0 
; Date/Time: 21-Feb-17 12:04:02 AM
;----------------------------------------------

;Address Opcode 	ASM
0x0000	0x29BB      	GOTO       443
_Delay_50us:
;__Lib_Delays.c,19 :: 		void Delay_50us() {
;__Lib_Delays.c,20 :: 		Delay_us(50);
0x0003	0x3021      	MOVLW      33
0x0004	0x1283      	BCF        STATUS, 5
0x0005	0x1303      	BCF        STATUS, 6
0x0006	0x00FD      	MOVWF      R13
L_Delay_50us2:
0x0007	0x0BFD      	DECFSZ     R13, 1
0x0008	0x2807      	GOTO       L_Delay_50us2
;__Lib_Delays.c,21 :: 		}
L_end_Delay_50us:
0x0009	0x0008      	RETURN
; end of _Delay_50us
_Delay_1us:
;__Lib_Delays.c,7 :: 		void Delay_1us() {
;__Lib_Delays.c,8 :: 		Delay_us(1);
0x000A	0x0000      	NOP
0x000B	0x0000      	NOP
;__Lib_Delays.c,9 :: 		}
L_end_Delay_1us:
0x000C	0x0008      	RETURN
; end of _Delay_1us
_Delay_5500us:
;__Lib_Delays.c,31 :: 		void Delay_5500us() {
;__Lib_Delays.c,32 :: 		Delay_us(5500);
0x000D	0x300F      	MOVLW      15
0x000E	0x1283      	BCF        STATUS, 5
0x000F	0x1303      	BCF        STATUS, 6
0x0010	0x00FC      	MOVWF      R12
0x0011	0x3047      	MOVLW      71
0x0012	0x00FD      	MOVWF      R13
L_Delay_5500us5:
0x0013	0x0BFD      	DECFSZ     R13, 1
0x0014	0x2813      	GOTO       L_Delay_5500us5
0x0015	0x0BFC      	DECFSZ     R12, 1
0x0016	0x2813      	GOTO       L_Delay_5500us5
0x0017	0x0000      	NOP
0x0018	0x0000      	NOP
;__Lib_Delays.c,33 :: 		}
L_end_Delay_5500us:
0x0019	0x0008      	RETURN
; end of _Delay_5500us
_Lcd_Cmd:
;__Lib_Lcd.c,18 :: 		
;__Lib_Lcd.c,20 :: 		
0x001A	0x1283      	BCF        STATUS, 5
0x001B	0x1303      	BCF        STATUS, 6
0x001C	0x1BDB      	BTFSC      FARG_Lcd_Cmd_out_char, 7
0x001D	0x2820      	GOTO       L__Lcd_Cmd21
0x001E	0x1186      	BCF        LCD_D7, BitPos(LCD_D7+0)
0x001F	0x2821      	GOTO       L__Lcd_Cmd22
L__Lcd_Cmd21:
0x0020	0x1586      	BSF        LCD_D7, BitPos(LCD_D7+0)
L__Lcd_Cmd22:
;__Lib_Lcd.c,21 :: 		
0x0021	0x1B5B      	BTFSC      FARG_Lcd_Cmd_out_char, 6
0x0022	0x2825      	GOTO       L__Lcd_Cmd23
0x0023	0x1106      	BCF        LCD_D6, BitPos(LCD_D6+0)
0x0024	0x2826      	GOTO       L__Lcd_Cmd24
L__Lcd_Cmd23:
0x0025	0x1506      	BSF        LCD_D6, BitPos(LCD_D6+0)
L__Lcd_Cmd24:
;__Lib_Lcd.c,22 :: 		
0x0026	0x1ADB      	BTFSC      FARG_Lcd_Cmd_out_char, 5
0x0027	0x282A      	GOTO       L__Lcd_Cmd25
0x0028	0x1086      	BCF        LCD_D5, BitPos(LCD_D5+0)
0x0029	0x282B      	GOTO       L__Lcd_Cmd26
L__Lcd_Cmd25:
0x002A	0x1486      	BSF        LCD_D5, BitPos(LCD_D5+0)
L__Lcd_Cmd26:
;__Lib_Lcd.c,23 :: 		
0x002B	0x1A5B      	BTFSC      FARG_Lcd_Cmd_out_char, 4
0x002C	0x282F      	GOTO       L__Lcd_Cmd27
0x002D	0x1006      	BCF        LCD_D4, BitPos(LCD_D4+0)
0x002E	0x2830      	GOTO       L__Lcd_Cmd28
L__Lcd_Cmd27:
0x002F	0x1406      	BSF        LCD_D4, BitPos(LCD_D4+0)
L__Lcd_Cmd28:
;__Lib_Lcd.c,25 :: 		
0x0030	0x1852      	BTFSC      __Lib_Lcd_cmd_status, BitPos(__Lib_Lcd_cmd_status+0)
0x0031	0x2834      	GOTO       L__Lcd_Cmd29
0x0032	0x1606      	BSF        LCD_RS, BitPos(LCD_RS+0)
0x0033	0x2835      	GOTO       L__Lcd_Cmd30
L__Lcd_Cmd29:
0x0034	0x1206      	BCF        LCD_RS, BitPos(LCD_RS+0)
L__Lcd_Cmd30:
;__Lib_Lcd.c,28 :: 		
0x0035	0x1686      	BSF        LCD_EN, BitPos(LCD_EN+0)
;__Lib_Lcd.c,29 :: 		
0x0036	0x200A      	CALL       _Delay_1us
;__Lib_Lcd.c,30 :: 		
0x0037	0x1286      	BCF        LCD_EN, BitPos(LCD_EN+0)
;__Lib_Lcd.c,33 :: 		
0x0038	0x19DB      	BTFSC      FARG_Lcd_Cmd_out_char, 3
0x0039	0x283C      	GOTO       L__Lcd_Cmd31
0x003A	0x1186      	BCF        LCD_D7, BitPos(LCD_D7+0)
0x003B	0x283D      	GOTO       L__Lcd_Cmd32
L__Lcd_Cmd31:
0x003C	0x1586      	BSF        LCD_D7, BitPos(LCD_D7+0)
L__Lcd_Cmd32:
;__Lib_Lcd.c,34 :: 		
0x003D	0x195B      	BTFSC      FARG_Lcd_Cmd_out_char, 2
0x003E	0x2841      	GOTO       L__Lcd_Cmd33
0x003F	0x1106      	BCF        LCD_D6, BitPos(LCD_D6+0)
0x0040	0x2842      	GOTO       L__Lcd_Cmd34
L__Lcd_Cmd33:
0x0041	0x1506      	BSF        LCD_D6, BitPos(LCD_D6+0)
L__Lcd_Cmd34:
;__Lib_Lcd.c,35 :: 		
0x0042	0x18DB      	BTFSC      FARG_Lcd_Cmd_out_char, 1
0x0043	0x2846      	GOTO       L__Lcd_Cmd35
0x0044	0x1086      	BCF        LCD_D5, BitPos(LCD_D5+0)
0x0045	0x2847      	GOTO       L__Lcd_Cmd36
L__Lcd_Cmd35:
0x0046	0x1486      	BSF        LCD_D5, BitPos(LCD_D5+0)
L__Lcd_Cmd36:
;__Lib_Lcd.c,36 :: 		
0x0047	0x185B      	BTFSC      FARG_Lcd_Cmd_out_char, 0
0x0048	0x284B      	GOTO       L__Lcd_Cmd37
0x0049	0x1006      	BCF        LCD_D4, BitPos(LCD_D4+0)
0x004A	0x284C      	GOTO       L__Lcd_Cmd38
L__Lcd_Cmd37:
0x004B	0x1406      	BSF        LCD_D4, BitPos(LCD_D4+0)
L__Lcd_Cmd38:
;__Lib_Lcd.c,38 :: 		
0x004C	0x1852      	BTFSC      __Lib_Lcd_cmd_status, BitPos(__Lib_Lcd_cmd_status+0)
0x004D	0x2850      	GOTO       L__Lcd_Cmd39
0x004E	0x1606      	BSF        LCD_RS, BitPos(LCD_RS+0)
0x004F	0x2851      	GOTO       L__Lcd_Cmd40
L__Lcd_Cmd39:
0x0050	0x1206      	BCF        LCD_RS, BitPos(LCD_RS+0)
L__Lcd_Cmd40:
;__Lib_Lcd.c,40 :: 		
0x0051	0x1686      	BSF        LCD_EN, BitPos(LCD_EN+0)
;__Lib_Lcd.c,41 :: 		
0x0052	0x200A      	CALL       _Delay_1us
;__Lib_Lcd.c,42 :: 		
0x0053	0x1286      	BCF        LCD_EN, BitPos(LCD_EN+0)
;__Lib_Lcd.c,44 :: 		
0x0054	0x1C52      	BTFSS      __Lib_Lcd_cmd_status, BitPos(__Lib_Lcd_cmd_status+0)
0x0055	0x2858      	GOTO       L_Lcd_Cmd0
;__Lib_Lcd.c,45 :: 		
0x0056	0x200D      	CALL       _Delay_5500us
0x0057	0x2859      	GOTO       L_Lcd_Cmd1
L_Lcd_Cmd0:
;__Lib_Lcd.c,47 :: 		
0x0058	0x2003      	CALL       _Delay_50us
L_Lcd_Cmd1:
;__Lib_Lcd.c,48 :: 		
L_end_Lcd_Cmd:
0x0059	0x0008      	RETURN
; end of _Lcd_Cmd
_Lcd_Chr_CP:
;__Lib_Lcd.c,50 :: 		
;__Lib_Lcd.c,52 :: 		
0x005A	0x1283      	BCF        STATUS, 5
0x005B	0x1303      	BCF        STATUS, 6
0x005C	0x1052      	BCF        __Lib_Lcd_cmd_status, BitPos(__Lib_Lcd_cmd_status+0)
;__Lib_Lcd.c,53 :: 		
0x005D	0x085A      	MOVF       FARG_Lcd_Chr_CP_out_char, 0
0x005E	0x00DB      	MOVWF      FARG_Lcd_Cmd_out_char
0x005F	0x201A      	CALL       _Lcd_Cmd
;__Lib_Lcd.c,54 :: 		
0x0060	0x1452      	BSF        __Lib_Lcd_cmd_status, BitPos(__Lib_Lcd_cmd_status+0)
;__Lib_Lcd.c,55 :: 		
L_end_Lcd_Chr_CP:
0x0061	0x0008      	RETURN
; end of _Lcd_Chr_CP
_Lcd_Out:
;__Lib_Lcd.c,184 :: 		
;__Lib_Lcd.c,187 :: 		
0x0062	0x2874      	GOTO       L_Lcd_Out11
;__Lib_Lcd.c,188 :: 		
L_Lcd_Out13:
0x0063	0x3080      	MOVLW      128
0x0064	0x1283      	BCF        STATUS, 5
0x0065	0x1303      	BCF        STATUS, 6
0x0066	0x00D5      	MOVWF      FARG_Lcd_Out_row
0x0067	0x2887      	GOTO       L_Lcd_Out12
;__Lib_Lcd.c,189 :: 		
L_Lcd_Out14:
0x0068	0x30C0      	MOVLW      192
0x0069	0x00D5      	MOVWF      FARG_Lcd_Out_row
0x006A	0x2887      	GOTO       L_Lcd_Out12
;__Lib_Lcd.c,190 :: 		
L_Lcd_Out15:
0x006B	0x3094      	MOVLW      148
0x006C	0x00D5      	MOVWF      FARG_Lcd_Out_row
0x006D	0x2887      	GOTO       L_Lcd_Out12
;__Lib_Lcd.c,191 :: 		
L_Lcd_Out16:
0x006E	0x30D4      	MOVLW      212
0x006F	0x00D5      	MOVWF      FARG_Lcd_Out_row
0x0070	0x2887      	GOTO       L_Lcd_Out12
;__Lib_Lcd.c,192 :: 		
L_Lcd_Out17:
0x0071	0x3080      	MOVLW      128
0x0072	0x00D5      	MOVWF      FARG_Lcd_Out_row
;__Lib_Lcd.c,193 :: 		
0x0073	0x2887      	GOTO       L_Lcd_Out12
L_Lcd_Out11:
0x0074	0x1283      	BCF        STATUS, 5
0x0075	0x1303      	BCF        STATUS, 6
0x0076	0x0855      	MOVF       FARG_Lcd_Out_row, 0
0x0077	0x3A01      	XORLW      1
0x0078	0x1903      	BTFSC      STATUS, 2
0x0079	0x2863      	GOTO       L_Lcd_Out13
0x007A	0x0855      	MOVF       FARG_Lcd_Out_row, 0
0x007B	0x3A02      	XORLW      2
0x007C	0x1903      	BTFSC      STATUS, 2
0x007D	0x2868      	GOTO       L_Lcd_Out14
0x007E	0x0855      	MOVF       FARG_Lcd_Out_row, 0
0x007F	0x3A03      	XORLW      3
0x0080	0x1903      	BTFSC      STATUS, 2
0x0081	0x286B      	GOTO       L_Lcd_Out15
0x0082	0x0855      	MOVF       FARG_Lcd_Out_row, 0
0x0083	0x3A04      	XORLW      4
0x0084	0x1903      	BTFSC      STATUS, 2
0x0085	0x286E      	GOTO       L_Lcd_Out16
0x0086	0x2871      	GOTO       L_Lcd_Out17
L_Lcd_Out12:
;__Lib_Lcd.c,194 :: 		
0x0087	0x0356      	DECF       FARG_Lcd_Out_column, 0
0x0088	0x00F0      	MOVWF      R0
0x0089	0x0855      	MOVF       FARG_Lcd_Out_row, 0
0x008A	0x07F0      	ADDWF      R0, 1
0x008B	0x0870      	MOVF       R0, 0
0x008C	0x00D5      	MOVWF      FARG_Lcd_Out_row
;__Lib_Lcd.c,196 :: 		
0x008D	0x0870      	MOVF       R0, 0
0x008E	0x00DB      	MOVWF      FARG_Lcd_Cmd_out_char
0x008F	0x201A      	CALL       _Lcd_Cmd
;__Lib_Lcd.c,197 :: 		
0x0090	0x1052      	BCF        __Lib_Lcd_cmd_status, BitPos(__Lib_Lcd_cmd_status+0)
;__Lib_Lcd.c,198 :: 		
0x0091	0x01D8      	CLRF       Lcd_Out_i_L0
;__Lib_Lcd.c,199 :: 		
L_Lcd_Out18:
0x0092	0x0858      	MOVF       Lcd_Out_i_L0, 0
0x0093	0x0757      	ADDWF      FARG_Lcd_Out_text, 0
0x0094	0x0084      	MOVWF      FSR
0x0095	0x0800      	MOVF       INDF, 0
0x0096	0x1903      	BTFSC      STATUS, 2
0x0097	0x28A0      	GOTO       L_Lcd_Out19
;__Lib_Lcd.c,200 :: 		
0x0098	0x0858      	MOVF       Lcd_Out_i_L0, 0
0x0099	0x0757      	ADDWF      FARG_Lcd_Out_text, 0
0x009A	0x0084      	MOVWF      FSR
0x009B	0x0800      	MOVF       INDF, 0
0x009C	0x00DA      	MOVWF      FARG_Lcd_Chr_CP_out_char
0x009D	0x205A      	CALL       _Lcd_Chr_CP
0x009E	0x0AD8      	INCF       Lcd_Out_i_L0, 1
0x009F	0x2892      	GOTO       L_Lcd_Out18
L_Lcd_Out19:
;__Lib_Lcd.c,201 :: 		
0x00A0	0x1452      	BSF        __Lib_Lcd_cmd_status, BitPos(__Lib_Lcd_cmd_status+0)
;__Lib_Lcd.c,202 :: 		
L_end_Lcd_Out:
0x00A1	0x0008      	RETURN
; end of _Lcd_Out
_Delay_10us:
;__Lib_Delays.c,11 :: 		void Delay_10us() {
;__Lib_Delays.c,12 :: 		Delay_us(10);
0x00A2	0x3006      	MOVLW      6
0x00A3	0x1283      	BCF        STATUS, 5
0x00A4	0x1303      	BCF        STATUS, 6
0x00A5	0x00FD      	MOVWF      R13
L_Delay_10us0:
0x00A6	0x0BFD      	DECFSZ     R13, 1
0x00A7	0x28A6      	GOTO       L_Delay_10us0
0x00A8	0x0000      	NOP
;__Lib_Delays.c,13 :: 		}
L_end_Delay_10us:
0x00A9	0x0008      	RETURN
; end of _Delay_10us
_Keypad_Key_Press:
;__Lib_Keypad4x4.c,38 :: 		
;__Lib_Keypad4x4.c,42 :: 		
0x00AA	0x1283      	BCF        STATUS, 5
0x00AB	0x1303      	BCF        STATUS, 6
0x00AC	0x01D5      	CLRF       Keypad_Key_Press_rslt_L0
;__Lib_Keypad4x4.c,43 :: 		
0x00AD	0x01D7      	CLRF       Keypad_Key_Press_loc_L0
;__Lib_Keypad4x4.c,44 :: 		
0x00AE	0x01D8      	CLRF       Keypad_Key_Press_rowcnt_L0
;__Lib_Keypad4x4.c,45 :: 		
0x00AF	0x3010      	MOVLW      16
0x00B0	0x00D9      	MOVWF      Keypad_Key_Press_shifter_L0
;__Lib_Keypad4x4.c,47 :: 		
L_Keypad_Key_Press0:
0x00B1	0x3004      	MOVLW      4
0x00B2	0x0258      	SUBWF      Keypad_Key_Press_rowcnt_L0, 0
0x00B3	0x1803      	BTFSC      STATUS, 0
0x00B4	0x28D6      	GOTO       L_Keypad_Key_Press1
;__Lib_Keypad4x4.c,49 :: 		
0x00B5	0x30F0      	MOVLW      240
0x00B6	0x0088      	MOVWF      keypadPort
;__Lib_Keypad4x4.c,50 :: 		
0x00B7	0x0959      	COMF       Keypad_Key_Press_shifter_L0, 0
0x00B8	0x1683      	BSF        STATUS, 5
0x00B9	0x0088      	MOVWF      keypadPort+128
;__Lib_Keypad4x4.c,54 :: 		
0x00BA	0x200A      	CALL       _Delay_1us
;__Lib_Keypad4x4.c,55 :: 		
0x00BB	0x200A      	CALL       _Delay_1us
;__Lib_Keypad4x4.c,56 :: 		
0x00BC	0x300F      	MOVLW      15
0x00BD	0x1283      	BCF        STATUS, 5
0x00BE	0x0508      	ANDWF      keypadPort, 0
0x00BF	0x00F0      	MOVWF      R0
0x00C0	0x0870      	MOVF       R0, 0
0x00C1	0x00D6      	MOVWF      Keypad_Key_Press_kdata_L0
;__Lib_Keypad4x4.c,57 :: 		
0x00C2	0x0870      	MOVF       R0, 0
0x00C3	0x1903      	BTFSC      STATUS, 2
0x00C4	0x28D0      	GOTO       L_Keypad_Key_Press2
;__Lib_Keypad4x4.c,59 :: 		
0x00C5	0x0857      	MOVF       Keypad_Key_Press_loc_L0, 0
0x00C6	0x00D5      	MOVWF      Keypad_Key_Press_rslt_L0
;__Lib_Keypad4x4.c,60 :: 		
L_Keypad_Key_Press3:
0x00C7	0x0856      	MOVF       Keypad_Key_Press_kdata_L0, 0
0x00C8	0x1903      	BTFSC      STATUS, 2
0x00C9	0x28CE      	GOTO       L_Keypad_Key_Press4
;__Lib_Keypad4x4.c,61 :: 		
0x00CA	0x0CD6      	RRF        Keypad_Key_Press_kdata_L0, 1
0x00CB	0x13D6      	BCF        Keypad_Key_Press_kdata_L0, 7
;__Lib_Keypad4x4.c,62 :: 		
0x00CC	0x0AD5      	INCF       Keypad_Key_Press_rslt_L0, 1
;__Lib_Keypad4x4.c,63 :: 		
0x00CD	0x28C7      	GOTO       L_Keypad_Key_Press3
L_Keypad_Key_Press4:
;__Lib_Keypad4x4.c,65 :: 		
0x00CE	0x3004      	MOVLW      4
0x00CF	0x00D8      	MOVWF      Keypad_Key_Press_rowcnt_L0
;__Lib_Keypad4x4.c,66 :: 		
L_Keypad_Key_Press2:
;__Lib_Keypad4x4.c,67 :: 		
0x00D0	0x0DD9      	RLF        Keypad_Key_Press_shifter_L0, 1
0x00D1	0x1059      	BCF        Keypad_Key_Press_shifter_L0, 0
;__Lib_Keypad4x4.c,68 :: 		
0x00D2	0x3004      	MOVLW      4
0x00D3	0x07D7      	ADDWF      Keypad_Key_Press_loc_L0, 1
;__Lib_Keypad4x4.c,69 :: 		
0x00D4	0x0AD8      	INCF       Keypad_Key_Press_rowcnt_L0, 1
;__Lib_Keypad4x4.c,70 :: 		
0x00D5	0x28B1      	GOTO       L_Keypad_Key_Press0
L_Keypad_Key_Press1:
;__Lib_Keypad4x4.c,72 :: 		
0x00D6	0x0855      	MOVF       Keypad_Key_Press_rslt_L0, 0
0x00D7	0x00F0      	MOVWF      R0
;__Lib_Keypad4x4.c,73 :: 		
L_end_Keypad_Key_Press:
0x00D8	0x0008      	RETURN
; end of _Keypad_Key_Press
_____DoICP:
;__Lib_System.c,6 :: 		
;__Lib_System.c,9 :: 		
0x00D9	0x1283      	BCF        STATUS, 5
0x00DA	0x1303      	BCF        STATUS, 6
0x00DB	0x0851      	MOVF       ___DoICPAddr+1, 0
0x00DC	0x008A      	MOVWF      PCLATH
;__Lib_System.c,10 :: 		
0x00DD	0x0850      	MOVF       ___DoICPAddr, 0
0x00DE	0x0082      	MOVWF      PCL
;__Lib_System.c,12 :: 		
L_end_____DoICP:
0x00DF	0x0008      	RETURN
; end of _____DoICP
_EEPROM_Write:
;__Lib_EEPROM.c,16 :: 		
;__Lib_EEPROM.c,20 :: 		
L_EEPROM_Write0:
0x00E0	0x1683      	BSF        STATUS, 5
0x00E1	0x1703      	BSF        STATUS, 6
0x00E2	0x1C8C      	BTFSS      EECON1, 1
0x00E3	0x28E6      	GOTO       L_EEPROM_Write1
0x00E4	0x0000      	NOP
0x00E5	0x28E0      	GOTO       L_EEPROM_Write0
L_EEPROM_Write1:
;__Lib_EEPROM.c,21 :: 		
0x00E6	0x1283      	BCF        STATUS, 5
0x00E7	0x1303      	BCF        STATUS, 6
0x00E8	0x0853      	MOVF       FARG_EEPROM_Write_Address, 0
0x00E9	0x1703      	BSF        STATUS, 6
0x00EA	0x008D      	MOVWF      EEADR
;__Lib_EEPROM.c,22 :: 		
0x00EB	0x1303      	BCF        STATUS, 6
0x00EC	0x0854      	MOVF       FARG_EEPROM_Write_data_, 0
0x00ED	0x1703      	BSF        STATUS, 6
0x00EE	0x008C      	MOVWF      EEDATA
;__Lib_EEPROM.c,23 :: 		
0x00EF	0x1683      	BSF        STATUS, 5
0x00F0	0x138C      	BCF        EECON1, 7
;__Lib_EEPROM.c,24 :: 		
0x00F1	0x150C      	BSF        EECON1, 2
;__Lib_EEPROM.c,26 :: 		
0x00F2	0x080B      	MOVF       INTCON, 0
0x00F3	0x00F0      	MOVWF      R0
;__Lib_EEPROM.c,29 :: 		
0x00F4	0x138B      	BCF        INTCON, 7
;__Lib_EEPROM.c,30 :: 		
0x00F5	0x3055      	MOVLW      85
0x00F6	0x008D      	MOVWF      EECON2
;__Lib_EEPROM.c,31 :: 		
0x00F7	0x30AA      	MOVLW      170
0x00F8	0x008D      	MOVWF      EECON2
;__Lib_EEPROM.c,32 :: 		
0x00F9	0x148C      	BSF        EECON1, 1
;__Lib_EEPROM.c,36 :: 		
0x00FA	0x1BF0      	BTFSC      R0, 7
0x00FB	0x28FE      	GOTO       L__EEPROM_Write4
0x00FC	0x138B      	BCF        INTCON, 7
0x00FD	0x28FF      	GOTO       L__EEPROM_Write5
L__EEPROM_Write4:
0x00FE	0x178B      	BSF        INTCON, 7
L__EEPROM_Write5:
;__Lib_EEPROM.c,37 :: 		
0x00FF	0x110C      	BCF        EECON1, 2
;__Lib_EEPROM.c,38 :: 		
L_end_EEPROM_Write:
0x0100	0x0008      	RETURN
; end of _EEPROM_Write
_Keypad_Key_Click:
;__Lib_Keypad4x4.c,76 :: 		
;__Lib_Keypad4x4.c,80 :: 		
0x0101	0x20AA      	CALL       _Keypad_Key_Press
0x0102	0x0870      	MOVF       R0, 0
0x0103	0x00D3      	MOVWF      Keypad_Key_Click_rslt_L0
;__Lib_Keypad4x4.c,82 :: 		
L_Keypad_Key_Click5:
0x0104	0x300F      	MOVLW      15
0x0105	0x0508      	ANDWF      keypadPort, 0
0x0106	0x00F0      	MOVWF      R0
0x0107	0x1903      	BTFSC      STATUS, 2
0x0108	0x290B      	GOTO       L_Keypad_Key_Click6
;__Lib_Keypad4x4.c,83 :: 		
0x0109	0x20A2      	CALL       _Delay_10us
0x010A	0x2904      	GOTO       L_Keypad_Key_Click5
L_Keypad_Key_Click6:
;__Lib_Keypad4x4.c,85 :: 		
0x010B	0x0853      	MOVF       Keypad_Key_Click_rslt_L0, 0
0x010C	0x00F0      	MOVWF      R0
;__Lib_Keypad4x4.c,86 :: 		
L_end_Keypad_Key_Click:
0x010D	0x0008      	RETURN
; end of _Keypad_Key_Click
_greska:
;Seminarska.c,30 :: 		void greska(){
;Seminarska.c,31 :: 		Lcd_Cmd(_LCD_CLEAR);
0x010E	0x3001      	MOVLW      1
0x010F	0x1283      	BCF        STATUS, 5
0x0110	0x1303      	BCF        STATUS, 6
0x0111	0x00DB      	MOVWF      FARG_Lcd_Cmd_out_char
0x0112	0x201A      	CALL       _Lcd_Cmd
;Seminarska.c,32 :: 		Lcd_Out(1,1, "Greshka");
0x0113	0x3001      	MOVLW      1
0x0114	0x00D5      	MOVWF      FARG_Lcd_Out_row
0x0115	0x3001      	MOVLW      1
0x0116	0x00D6      	MOVWF      FARG_Lcd_Out_column
0x0117	0x3021      	MOVLW      ?lstr1_Seminarska
0x0118	0x00D7      	MOVWF      FARG_Lcd_Out_text
0x0119	0x2062      	CALL       _Lcd_Out
;Seminarska.c,33 :: 		Delay_ms(10);
0x011A	0x301A      	MOVLW      26
0x011B	0x00FC      	MOVWF      R12
0x011C	0x30F8      	MOVLW      248
0x011D	0x00FD      	MOVWF      R13
L_greska0:
0x011E	0x0BFD      	DECFSZ     R13, 1
0x011F	0x291E      	GOTO       L_greska0
0x0120	0x0BFC      	DECFSZ     R12, 1
0x0121	0x291E      	GOTO       L_greska0
0x0122	0x0000      	NOP
;Seminarska.c,34 :: 		oldState=kp=0;
0x0123	0x01AC      	CLRF       _kp
0x0124	0x01A0      	CLRF       _oldState
;Seminarska.c,35 :: 		brCifri = 0;
0x0125	0x01AB      	CLRF       _brCifri
;Seminarska.c,36 :: 		brStanici = 0;
0x0126	0x01A9      	CLRF       _brStanici
0x0127	0x01AA      	CLRF       _brStanici+1
;Seminarska.c,37 :: 		flagPlus = 0;
0x0128	0x01AD      	CLRF       _flagPlus
;Seminarska.c,38 :: 		flag3 = 0;
0x0129	0x01CA      	CLRF       _flag3
;Seminarska.c,39 :: 		}
L_end_greska:
0x012A	0x0008      	RETURN
; end of _greska
_Mul_8X8_S:
;__Lib_Math.c,253 :: 		
;__Lib_Math.c,261 :: 		
0x012B	0x1283      	BCF        STATUS, 5
;__Lib_Math.c,262 :: 		
0x012C	0x1303      	BCF        STATUS, 6
;__Lib_Math.c,263 :: 		
0x012D	0x0870      	MOVF       R0, 0
;__Lib_Math.c,264 :: 		
0x012E	0x00F1      	MOVWF      R1
;__Lib_Math.c,265 :: 		
0x012F	0x01F0      	CLRF       R0
;__Lib_Math.c,266 :: 		
0x0130	0x01FD      	CLRF       R13
;__Lib_Math.c,267 :: 		
0x0131	0x0871      	MOVF       R1, 0
;__Lib_Math.c,268 :: 		
0x0132	0x1903      	BTFSC      STATUS, 2
;__Lib_Math.c,269 :: 		
0x0133	0x3400      	RETLW      0
;__Lib_Math.c,271 :: 		
0x0134	0x0674      	XORWF      R4, 0
;__Lib_Math.c,272 :: 		
0x0135	0x00F2      	MOVWF      R2
;__Lib_Math.c,273 :: 		
0x0136	0x1BF2      	BTFSC      R2, 7
;__Lib_Math.c,274 :: 		
0x0137	0x09FD      	COMF       R13, 1
;__Lib_Math.c,276 :: 		
0x0138	0x1FF4      	BTFSS      R4, 7
;__Lib_Math.c,277 :: 		
0x0139	0x2940      	GOTO       $+7
;__Lib_Math.c,278 :: 		
0x013A	0x09F4      	COMF       R4, 1
;__Lib_Math.c,279 :: 		
0x013B	0x0AF4      	INCF       R4, 1
;__Lib_Math.c,280 :: 		
0x013C	0x09F1      	COMF       R1, 1
;__Lib_Math.c,281 :: 		
0x013D	0x0AF1      	INCF       R1, 1
;__Lib_Math.c,283 :: 		
0x013E	0x1BF4      	BTFSC      R4, 7
;__Lib_Math.c,284 :: 		
0x013F	0x2956      	GOTO       $+23
;__Lib_Math.c,286 :: 		
0x0140	0x3007      	MOVLW      7
;__Lib_Math.c,287 :: 		
0x0141	0x00FC      	MOVWF      R12
;__Lib_Math.c,288 :: 		
0x0142	0x0871      	MOVF       R1, 0
;__Lib_Math.c,290 :: 		
0x0143	0x0CF4      	RRF        R4, 1
;__Lib_Math.c,291 :: 		
0x0144	0x1803      	BTFSC      STATUS, 0
;__Lib_Math.c,292 :: 		
0x0145	0x294D      	GOTO       $+8
;__Lib_Math.c,293 :: 		
0x0146	0x0BFC      	DECFSZ     R12, 1
;__Lib_Math.c,294 :: 		
0x0147	0x2943      	GOTO       $-4
;__Lib_Math.c,296 :: 		
0x0148	0x01F1      	CLRF       R1
;__Lib_Math.c,297 :: 		
0x0149	0x3400      	RETLW      0
;__Lib_Math.c,299 :: 		
0x014A	0x0CF4      	RRF        R4, 1
;__Lib_Math.c,300 :: 		
0x014B	0x1803      	BTFSC      STATUS, 0
;__Lib_Math.c,301 :: 		
0x014C	0x07F1      	ADDWF      R1, 1
;__Lib_Math.c,302 :: 		
0x014D	0x0DFD      	RLF        R13, 1
;__Lib_Math.c,303 :: 		
0x014E	0x0CF1      	RRF        R1, 1
;__Lib_Math.c,304 :: 		
0x014F	0x0CF0      	RRF        R0, 1
;__Lib_Math.c,305 :: 		
0x0150	0x0BFC      	DECFSZ     R12, 1
;__Lib_Math.c,306 :: 		
0x0151	0x294A      	GOTO       $-7
;__Lib_Math.c,308 :: 		
0x0152	0x0DFD      	RLF        R13, 1
;__Lib_Math.c,309 :: 		
0x0153	0x0CF1      	RRF        R1, 1
;__Lib_Math.c,310 :: 		
0x0154	0x0CF0      	RRF        R0, 1
;__Lib_Math.c,312 :: 		
0x0155	0x3400      	RETLW      0
;__Lib_Math.c,314 :: 		
0x0156	0x01F1      	CLRF       R1
;__Lib_Math.c,315 :: 		
0x0157	0x0D7D      	RLF        R13, 0
;__Lib_Math.c,316 :: 		
0x0158	0x0CF1      	RRF        R1, 1
;__Lib_Math.c,317 :: 		
0x0159	0x0CF0      	RRF        R0, 1
;__Lib_Math.c,319 :: 		
0x015A	0x3400      	RETLW      0
;__Lib_Math.c,321 :: 		
L_end_Mul_8X8_S:
0x015B	0x0008      	RETURN
; end of _Mul_8X8_S
_Lcd_Init:
;__Lib_Lcd.c,84 :: 		
;__Lib_Lcd.c,86 :: 		
0x015C	0x1683      	BSF        STATUS, 5
0x015D	0x1303      	BCF        STATUS, 6
0x015E	0x1286      	BCF        LCD_EN_Direction, BitPos(LCD_EN_Direction+0)
;__Lib_Lcd.c,87 :: 		
0x015F	0x1206      	BCF        LCD_RS_Direction, BitPos(LCD_RS_Direction+0)
;__Lib_Lcd.c,88 :: 		
0x0160	0x1006      	BCF        LCD_D4_Direction, BitPos(LCD_D4_Direction+0)
;__Lib_Lcd.c,89 :: 		
0x0161	0x1086      	BCF        LCD_D5_Direction, BitPos(LCD_D5_Direction+0)
;__Lib_Lcd.c,90 :: 		
0x0162	0x1106      	BCF        LCD_D6_Direction, BitPos(LCD_D6_Direction+0)
;__Lib_Lcd.c,91 :: 		
0x0163	0x1186      	BCF        LCD_D7_Direction, BitPos(LCD_D7_Direction+0)
;__Lib_Lcd.c,93 :: 		
0x0164	0x1283      	BCF        STATUS, 5
0x0165	0x1286      	BCF        LCD_EN, BitPos(LCD_EN+0)
;__Lib_Lcd.c,94 :: 		
0x0166	0x1206      	BCF        LCD_RS, BitPos(LCD_RS+0)
;__Lib_Lcd.c,95 :: 		
0x0167	0x1186      	BCF        LCD_D7, BitPos(LCD_D7+0)
;__Lib_Lcd.c,96 :: 		
0x0168	0x1106      	BCF        LCD_D6, BitPos(LCD_D6+0)
;__Lib_Lcd.c,97 :: 		
0x0169	0x1086      	BCF        LCD_D5, BitPos(LCD_D5+0)
;__Lib_Lcd.c,98 :: 		
0x016A	0x1006      	BCF        LCD_D4, BitPos(LCD_D4+0)
;__Lib_Lcd.c,100 :: 		
0x016B	0x200D      	CALL       _Delay_5500us
;__Lib_Lcd.c,101 :: 		
0x016C	0x200D      	CALL       _Delay_5500us
;__Lib_Lcd.c,102 :: 		
0x016D	0x200D      	CALL       _Delay_5500us
;__Lib_Lcd.c,105 :: 		
0x016E	0x1486      	BSF        LCD_D5, BitPos(LCD_D5+0)
;__Lib_Lcd.c,106 :: 		
0x016F	0x1406      	BSF        LCD_D4, BitPos(LCD_D4+0)
;__Lib_Lcd.c,107 :: 		
0x0170	0x1686      	BSF        LCD_EN, BitPos(LCD_EN+0)
;__Lib_Lcd.c,108 :: 		
0x0171	0x200A      	CALL       _Delay_1us
;__Lib_Lcd.c,109 :: 		
0x0172	0x1286      	BCF        LCD_EN, BitPos(LCD_EN+0)
;__Lib_Lcd.c,110 :: 		
0x0173	0x200D      	CALL       _Delay_5500us
;__Lib_Lcd.c,112 :: 		
0x0174	0x1686      	BSF        LCD_EN, BitPos(LCD_EN+0)
;__Lib_Lcd.c,113 :: 		
0x0175	0x200A      	CALL       _Delay_1us
;__Lib_Lcd.c,114 :: 		
0x0176	0x1286      	BCF        LCD_EN, BitPos(LCD_EN+0)
;__Lib_Lcd.c,115 :: 		
0x0177	0x200D      	CALL       _Delay_5500us
;__Lib_Lcd.c,117 :: 		
0x0178	0x1686      	BSF        LCD_EN, BitPos(LCD_EN+0)
;__Lib_Lcd.c,118 :: 		
0x0179	0x200A      	CALL       _Delay_1us
;__Lib_Lcd.c,119 :: 		
0x017A	0x1286      	BCF        LCD_EN, BitPos(LCD_EN+0)
;__Lib_Lcd.c,120 :: 		
0x017B	0x200D      	CALL       _Delay_5500us
;__Lib_Lcd.c,123 :: 		
0x017C	0x1006      	BCF        LCD_D4, BitPos(LCD_D4+0)
;__Lib_Lcd.c,124 :: 		
0x017D	0x1686      	BSF        LCD_EN, BitPos(LCD_EN+0)
;__Lib_Lcd.c,125 :: 		
0x017E	0x200A      	CALL       _Delay_1us
;__Lib_Lcd.c,126 :: 		
0x017F	0x1286      	BCF        LCD_EN, BitPos(LCD_EN+0)
;__Lib_Lcd.c,127 :: 		
0x0180	0x200D      	CALL       _Delay_5500us
;__Lib_Lcd.c,130 :: 		
0x0181	0x1686      	BSF        LCD_EN, BitPos(LCD_EN+0)
;__Lib_Lcd.c,131 :: 		
0x0182	0x200A      	CALL       _Delay_1us
;__Lib_Lcd.c,132 :: 		
0x0183	0x1286      	BCF        LCD_EN, BitPos(LCD_EN+0)
;__Lib_Lcd.c,134 :: 		
0x0184	0x1086      	BCF        LCD_D5, BitPos(LCD_D5+0)
;__Lib_Lcd.c,135 :: 		
0x0185	0x1586      	BSF        LCD_D7, BitPos(LCD_D7+0)
;__Lib_Lcd.c,136 :: 		
0x0186	0x1686      	BSF        LCD_EN, BitPos(LCD_EN+0)
;__Lib_Lcd.c,137 :: 		
0x0187	0x200A      	CALL       _Delay_1us
;__Lib_Lcd.c,138 :: 		
0x0188	0x1286      	BCF        LCD_EN, BitPos(LCD_EN+0)
;__Lib_Lcd.c,139 :: 		
0x0189	0x200D      	CALL       _Delay_5500us
;__Lib_Lcd.c,142 :: 		
0x018A	0x1186      	BCF        LCD_D7, BitPos(LCD_D7+0)
;__Lib_Lcd.c,143 :: 		
0x018B	0x1406      	BSF        LCD_D4, BitPos(LCD_D4+0)
;__Lib_Lcd.c,144 :: 		
0x018C	0x1686      	BSF        LCD_EN, BitPos(LCD_EN+0)
;__Lib_Lcd.c,145 :: 		
0x018D	0x200A      	CALL       _Delay_1us
;__Lib_Lcd.c,146 :: 		
0x018E	0x1286      	BCF        LCD_EN, BitPos(LCD_EN+0)
;__Lib_Lcd.c,148 :: 		
0x018F	0x1006      	BCF        LCD_D4, BitPos(LCD_D4+0)
;__Lib_Lcd.c,149 :: 		
0x0190	0x1686      	BSF        LCD_EN, BitPos(LCD_EN+0)
;__Lib_Lcd.c,150 :: 		
0x0191	0x200A      	CALL       _Delay_1us
;__Lib_Lcd.c,151 :: 		
0x0192	0x1286      	BCF        LCD_EN, BitPos(LCD_EN+0)
;__Lib_Lcd.c,152 :: 		
0x0193	0x200D      	CALL       _Delay_5500us
;__Lib_Lcd.c,155 :: 		
0x0194	0x1686      	BSF        LCD_EN, BitPos(LCD_EN+0)
;__Lib_Lcd.c,156 :: 		
0x0195	0x200A      	CALL       _Delay_1us
;__Lib_Lcd.c,157 :: 		
0x0196	0x1286      	BCF        LCD_EN, BitPos(LCD_EN+0)
;__Lib_Lcd.c,159 :: 		
0x0197	0x1406      	BSF        LCD_D4, BitPos(LCD_D4+0)
;__Lib_Lcd.c,160 :: 		
0x0198	0x1686      	BSF        LCD_EN, BitPos(LCD_EN+0)
;__Lib_Lcd.c,161 :: 		
0x0199	0x200A      	CALL       _Delay_1us
;__Lib_Lcd.c,162 :: 		
0x019A	0x1286      	BCF        LCD_EN, BitPos(LCD_EN+0)
;__Lib_Lcd.c,163 :: 		
0x019B	0x200D      	CALL       _Delay_5500us
;__Lib_Lcd.c,166 :: 		
0x019C	0x1006      	BCF        LCD_D4, BitPos(LCD_D4+0)
;__Lib_Lcd.c,167 :: 		
0x019D	0x1686      	BSF        LCD_EN, BitPos(LCD_EN+0)
;__Lib_Lcd.c,168 :: 		
0x019E	0x200A      	CALL       _Delay_1us
;__Lib_Lcd.c,169 :: 		
0x019F	0x1286      	BCF        LCD_EN, BitPos(LCD_EN+0)
;__Lib_Lcd.c,171 :: 		
0x01A0	0x1586      	BSF        LCD_D7, BitPos(LCD_D7+0)
;__Lib_Lcd.c,172 :: 		
0x01A1	0x1506      	BSF        LCD_D6, BitPos(LCD_D6+0)
;__Lib_Lcd.c,173 :: 		
0x01A2	0x1486      	BSF        LCD_D5, BitPos(LCD_D5+0)
;__Lib_Lcd.c,174 :: 		
0x01A3	0x1406      	BSF        LCD_D4, BitPos(LCD_D4+0)
;__Lib_Lcd.c,175 :: 		
0x01A4	0x1686      	BSF        LCD_EN, BitPos(LCD_EN+0)
;__Lib_Lcd.c,176 :: 		
0x01A5	0x200A      	CALL       _Delay_1us
;__Lib_Lcd.c,177 :: 		
0x01A6	0x1286      	BCF        LCD_EN, BitPos(LCD_EN+0)
;__Lib_Lcd.c,179 :: 		
0x01A7	0x200D      	CALL       _Delay_5500us
;__Lib_Lcd.c,181 :: 		
0x01A8	0x1452      	BSF        __Lib_Lcd_cmd_status, BitPos(__Lib_Lcd_cmd_status+0)
;__Lib_Lcd.c,182 :: 		
L_end_Lcd_Init:
0x01A9	0x0008      	RETURN
; end of _Lcd_Init
___CC2DW:
;__Lib_System.c,134 :: 		
;__Lib_System.c,137 :: 		
_CC2D_Loop1:
;__Lib_System.c,139 :: 		
0x01AA	0x20D9      	CALL       _____DoICP
0x01AB	0x118A      	BCF        PCLATH, 3
0x01AC	0x120A      	BCF        PCLATH, 4
;__Lib_System.c,141 :: 		
0x01AD	0x0080      	MOVWF      INDF
;__Lib_System.c,142 :: 		
0x01AE	0x0A84      	INCF       FSR, 1
;__Lib_System.c,143 :: 		
0x01AF	0x0AD0      	INCF       ___DoICPAddr, 1
;__Lib_System.c,145 :: 		
0x01B0	0x1903      	BTFSC      STATUS, 2
;__Lib_System.c,146 :: 		
0x01B1	0x0AD1      	INCF       ___DoICPAddr+1, 1
;__Lib_System.c,147 :: 		
0x01B2	0x03F0      	DECF       R0, 1
;__Lib_System.c,149 :: 		
0x01B3	0x1D03      	BTFSS      STATUS, 2
;__Lib_System.c,150 :: 		
0x01B4	0x29AA      	GOTO       _CC2D_Loop1
;__Lib_System.c,152 :: 		
L_end___CC2DW:
0x01B5	0x0008      	RETURN
; end of ___CC2DW
_Keypad_Init:
;__Lib_Keypad4x4.c,33 :: 		
;__Lib_Keypad4x4.c,34 :: 		
0x01B6	0x30FF      	MOVLW      255
0x01B7	0x1683      	BSF        STATUS, 5
0x01B8	0x1303      	BCF        STATUS, 6
0x01B9	0x0088      	MOVWF      keypadPort+128
;__Lib_Keypad4x4.c,35 :: 		
L_end_Keypad_Init:
0x01BA	0x0008      	RETURN
; end of _Keypad_Init
_main:
0x01BB	0x24B6      	CALL       1206
;Seminarska.c,41 :: 		void main() {
;Seminarska.c,42 :: 		Keypad_Init();
0x01BC	0x21B6      	CALL       _Keypad_Init
;Seminarska.c,43 :: 		ANSEL = 0x80;
0x01BD	0x3080      	MOVLW      128
0x01BE	0x1703      	BSF        STATUS, 6
0x01BF	0x0088      	MOVWF      ANSEL
;Seminarska.c,44 :: 		ANSELH = 0;
0x01C0	0x0189      	CLRF       ANSELH
;Seminarska.c,45 :: 		Lcd_Init();
0x01C1	0x215C      	CALL       _Lcd_Init
;Seminarska.c,46 :: 		Lcd_Cmd(_LCD_Clear);
0x01C2	0x3001      	MOVLW      1
0x01C3	0x00DB      	MOVWF      FARG_Lcd_Cmd_out_char
0x01C4	0x201A      	CALL       _Lcd_Cmd
;Seminarska.c,47 :: 		Lcd_Cmd(_LCD_CURSOR_OFF);
0x01C5	0x300C      	MOVLW      12
0x01C6	0x00DB      	MOVWF      FARG_Lcd_Cmd_out_char
0x01C7	0x201A      	CALL       _Lcd_Cmd
;Seminarska.c,48 :: 		while(1){
L_main1:
;Seminarska.c,49 :: 		if(RE2_bit == 0){
0x01C8	0x1909      	BTFSC      RE2_bit, BitPos(RE2_bit+0)
0x01C9	0x2C74      	GOTO       L_main3
;Seminarska.c,50 :: 		do
L_main4:
;Seminarska.c,52 :: 		Lcd_Cmd(_LCD_Clear);
0x01CA	0x3001      	MOVLW      1
0x01CB	0x00DB      	MOVWF      FARG_Lcd_Cmd_out_char
0x01CC	0x201A      	CALL       _Lcd_Cmd
;Seminarska.c,53 :: 		Lcd_Out(1,1, "Vnesi");
0x01CD	0x3001      	MOVLW      1
0x01CE	0x00D5      	MOVWF      FARG_Lcd_Out_row
0x01CF	0x3001      	MOVLW      1
0x01D0	0x00D6      	MOVWF      FARG_Lcd_Out_column
0x01D1	0x3044      	MOVLW      ?lstr2_Seminarska
0x01D2	0x00D7      	MOVWF      FARG_Lcd_Out_text
0x01D3	0x2062      	CALL       _Lcd_Out
;Seminarska.c,54 :: 		if(kp != 43 && kp != 45 && kp != 46 && kp != 47)
0x01D4	0x082C      	MOVF       _kp, 0
0x01D5	0x3A2B      	XORLW      43
0x01D6	0x1903      	BTFSC      STATUS, 2
0x01D7	0x29E6      	GOTO       L_main9
0x01D8	0x082C      	MOVF       _kp, 0
0x01D9	0x3A2D      	XORLW      45
0x01DA	0x1903      	BTFSC      STATUS, 2
0x01DB	0x29E6      	GOTO       L_main9
0x01DC	0x082C      	MOVF       _kp, 0
0x01DD	0x3A2E      	XORLW      46
0x01DE	0x1903      	BTFSC      STATUS, 2
0x01DF	0x29E6      	GOTO       L_main9
0x01E0	0x082C      	MOVF       _kp, 0
0x01E1	0x3A2F      	XORLW      47
0x01E2	0x1903      	BTFSC      STATUS, 2
0x01E3	0x29E6      	GOTO       L_main9
L__main99:
;Seminarska.c,55 :: 		oldState = kp;
0x01E4	0x082C      	MOVF       _kp, 0
0x01E5	0x00A0      	MOVWF      _oldState
L_main9:
;Seminarska.c,56 :: 		kp = 0;
0x01E6	0x01AC      	CLRF       _kp
;Seminarska.c,57 :: 		do{
L_main10:
;Seminarska.c,58 :: 		kp = Keypad_Key_Click();
0x01E7	0x2101      	CALL       _Keypad_Key_Click
0x01E8	0x0870      	MOVF       R0, 0
0x01E9	0x00AC      	MOVWF      _kp
;Seminarska.c,59 :: 		if(RE2_bit != 0){
0x01EA	0x1D09      	BTFSS      RE2_bit, BitPos(RE2_bit+0)
0x01EB	0x29ED      	GOTO       L_main13
;Seminarska.c,60 :: 		break;
0x01EC	0x29F0      	GOTO       L_main11
;Seminarska.c,61 :: 		}
L_main13:
;Seminarska.c,62 :: 		}while (!kp);
0x01ED	0x082C      	MOVF       _kp, 0
0x01EE	0x1903      	BTFSC      STATUS, 2
0x01EF	0x29E7      	GOTO       L_main10
L_main11:
;Seminarska.c,63 :: 		if(RE2_bit != 0){
0x01F0	0x1D09      	BTFSS      RE2_bit, BitPos(RE2_bit+0)
0x01F1	0x29F3      	GOTO       L_main14
;Seminarska.c,64 :: 		break;
0x01F2	0x2C73      	GOTO       L_main5
;Seminarska.c,65 :: 		}
L_main14:
;Seminarska.c,66 :: 		switch (kp)
0x01F3	0x2A24      	GOTO       L_main15
;Seminarska.c,68 :: 		case 1: kp = 49; break; // 1
L_main17:
0x01F4	0x3031      	MOVLW      49
0x01F5	0x00AC      	MOVWF      _kp
0x01F6	0x2A64      	GOTO       L_main16
;Seminarska.c,69 :: 		case 2: kp = 52; break; // 4
L_main18:
0x01F7	0x3034      	MOVLW      52
0x01F8	0x00AC      	MOVWF      _kp
0x01F9	0x2A64      	GOTO       L_main16
;Seminarska.c,70 :: 		case 3: kp = 55; break; // 7
L_main19:
0x01FA	0x3037      	MOVLW      55
0x01FB	0x00AC      	MOVWF      _kp
0x01FC	0x2A64      	GOTO       L_main16
;Seminarska.c,71 :: 		case 4: kp = 74; break; // J
L_main20:
0x01FD	0x304A      	MOVLW      74
0x01FE	0x00AC      	MOVWF      _kp
0x01FF	0x2A64      	GOTO       L_main16
;Seminarska.c,72 :: 		case 5: kp = 50; break; // 2
L_main21:
0x0200	0x3032      	MOVLW      50
0x0201	0x00AC      	MOVWF      _kp
0x0202	0x2A64      	GOTO       L_main16
;Seminarska.c,73 :: 		case 6: kp = 53; break; // 5
L_main22:
0x0203	0x3035      	MOVLW      53
0x0204	0x00AC      	MOVWF      _kp
0x0205	0x2A64      	GOTO       L_main16
;Seminarska.c,74 :: 		case 7: kp = 56; break; // 8
L_main23:
0x0206	0x3038      	MOVLW      56
0x0207	0x00AC      	MOVWF      _kp
0x0208	0x2A64      	GOTO       L_main16
;Seminarska.c,75 :: 		case 8: kp = 48; break; // 0
L_main24:
0x0209	0x3030      	MOVLW      48
0x020A	0x00AC      	MOVWF      _kp
0x020B	0x2A64      	GOTO       L_main16
;Seminarska.c,76 :: 		case 9: kp = 51; break; // 3
L_main25:
0x020C	0x3033      	MOVLW      51
0x020D	0x00AC      	MOVWF      _kp
0x020E	0x2A64      	GOTO       L_main16
;Seminarska.c,77 :: 		case 10: kp = 54; break; // 6
L_main26:
0x020F	0x3036      	MOVLW      54
0x0210	0x00AC      	MOVWF      _kp
0x0211	0x2A64      	GOTO       L_main16
;Seminarska.c,78 :: 		case 11: kp = 57; break; // 9
L_main27:
0x0212	0x3039      	MOVLW      57
0x0213	0x00AC      	MOVWF      _kp
0x0214	0x2A64      	GOTO       L_main16
;Seminarska.c,79 :: 		case 12: kp = 76; break; // L
L_main28:
0x0215	0x304C      	MOVLW      76
0x0216	0x00AC      	MOVWF      _kp
0x0217	0x2A64      	GOTO       L_main16
;Seminarska.c,80 :: 		case 13: kp = 43; break; // +
L_main29:
0x0218	0x302B      	MOVLW      43
0x0219	0x00AC      	MOVWF      _kp
0x021A	0x2A64      	GOTO       L_main16
;Seminarska.c,81 :: 		case 14: kp = 45; break; // Time
L_main30:
0x021B	0x302D      	MOVLW      45
0x021C	0x00AC      	MOVWF      _kp
0x021D	0x2A64      	GOTO       L_main16
;Seminarska.c,82 :: 		case 15: kp = 46; break; // Add
L_main31:
0x021E	0x302E      	MOVLW      46
0x021F	0x00AC      	MOVWF      _kp
0x0220	0x2A64      	GOTO       L_main16
;Seminarska.c,83 :: 		case 16: kp = 47; break; // Erase
L_main32:
0x0221	0x302F      	MOVLW      47
0x0222	0x00AC      	MOVWF      _kp
0x0223	0x2A64      	GOTO       L_main16
;Seminarska.c,84 :: 		}
L_main15:
0x0224	0x082C      	MOVF       _kp, 0
0x0225	0x3A01      	XORLW      1
0x0226	0x1903      	BTFSC      STATUS, 2
0x0227	0x29F4      	GOTO       L_main17
0x0228	0x082C      	MOVF       _kp, 0
0x0229	0x3A02      	XORLW      2
0x022A	0x1903      	BTFSC      STATUS, 2
0x022B	0x29F7      	GOTO       L_main18
0x022C	0x082C      	MOVF       _kp, 0
0x022D	0x3A03      	XORLW      3
0x022E	0x1903      	BTFSC      STATUS, 2
0x022F	0x29FA      	GOTO       L_main19
0x0230	0x082C      	MOVF       _kp, 0
0x0231	0x3A04      	XORLW      4
0x0232	0x1903      	BTFSC      STATUS, 2
0x0233	0x29FD      	GOTO       L_main20
0x0234	0x082C      	MOVF       _kp, 0
0x0235	0x3A05      	XORLW      5
0x0236	0x1903      	BTFSC      STATUS, 2
0x0237	0x2A00      	GOTO       L_main21
0x0238	0x082C      	MOVF       _kp, 0
0x0239	0x3A06      	XORLW      6
0x023A	0x1903      	BTFSC      STATUS, 2
0x023B	0x2A03      	GOTO       L_main22
0x023C	0x082C      	MOVF       _kp, 0
0x023D	0x3A07      	XORLW      7
0x023E	0x1903      	BTFSC      STATUS, 2
0x023F	0x2A06      	GOTO       L_main23
0x0240	0x082C      	MOVF       _kp, 0
0x0241	0x3A08      	XORLW      8
0x0242	0x1903      	BTFSC      STATUS, 2
0x0243	0x2A09      	GOTO       L_main24
0x0244	0x082C      	MOVF       _kp, 0
0x0245	0x3A09      	XORLW      9
0x0246	0x1903      	BTFSC      STATUS, 2
0x0247	0x2A0C      	GOTO       L_main25
0x0248	0x082C      	MOVF       _kp, 0
0x0249	0x3A0A      	XORLW      10
0x024A	0x1903      	BTFSC      STATUS, 2
0x024B	0x2A0F      	GOTO       L_main26
0x024C	0x082C      	MOVF       _kp, 0
0x024D	0x3A0B      	XORLW      11
0x024E	0x1903      	BTFSC      STATUS, 2
0x024F	0x2A12      	GOTO       L_main27
0x0250	0x082C      	MOVF       _kp, 0
0x0251	0x3A0C      	XORLW      12
0x0252	0x1903      	BTFSC      STATUS, 2
0x0253	0x2A15      	GOTO       L_main28
0x0254	0x082C      	MOVF       _kp, 0
0x0255	0x3A0D      	XORLW      13
0x0256	0x1903      	BTFSC      STATUS, 2
0x0257	0x2A18      	GOTO       L_main29
0x0258	0x082C      	MOVF       _kp, 0
0x0259	0x3A0E      	XORLW      14
0x025A	0x1903      	BTFSC      STATUS, 2
0x025B	0x2A1B      	GOTO       L_main30
0x025C	0x082C      	MOVF       _kp, 0
0x025D	0x3A0F      	XORLW      15
0x025E	0x1903      	BTFSC      STATUS, 2
0x025F	0x2A1E      	GOTO       L_main31
0x0260	0x082C      	MOVF       _kp, 0
0x0261	0x3A10      	XORLW      16
0x0262	0x1903      	BTFSC      STATUS, 2
0x0263	0x2A21      	GOTO       L_main32
L_main16:
;Seminarska.c,86 :: 		if(oldState == 0){
0x0264	0x0820      	MOVF       _oldState, 0
0x0265	0x3A00      	XORLW      0
0x0266	0x1D03      	BTFSS      STATUS, 2
0x0267	0x2A7A      	GOTO       L_main33
;Seminarska.c,87 :: 		if(kp == 43 || kp == 45 || kp == 46 || kp == 47){
0x0268	0x082C      	MOVF       _kp, 0
0x0269	0x3A2B      	XORLW      43
0x026A	0x1903      	BTFSC      STATUS, 2
0x026B	0x2A79      	GOTO       L__main98
0x026C	0x082C      	MOVF       _kp, 0
0x026D	0x3A2D      	XORLW      45
0x026E	0x1903      	BTFSC      STATUS, 2
0x026F	0x2A79      	GOTO       L__main98
0x0270	0x082C      	MOVF       _kp, 0
0x0271	0x3A2E      	XORLW      46
0x0272	0x1903      	BTFSC      STATUS, 2
0x0273	0x2A79      	GOTO       L__main98
0x0274	0x082C      	MOVF       _kp, 0
0x0275	0x3A2F      	XORLW      47
0x0276	0x1903      	BTFSC      STATUS, 2
0x0277	0x2A79      	GOTO       L__main98
0x0278	0x2A7A      	GOTO       L_main36
L__main98:
;Seminarska.c,88 :: 		greska();
0x0279	0x210E      	CALL       _greska
;Seminarska.c,89 :: 		}
L_main36:
;Seminarska.c,90 :: 		}
L_main33:
;Seminarska.c,92 :: 		if(kp == 43){// +
0x027A	0x082C      	MOVF       _kp, 0
0x027B	0x3A2B      	XORLW      43
0x027C	0x1D03      	BTFSS      STATUS, 2
0x027D	0x2B32      	GOTO       L_main37
;Seminarska.c,93 :: 		flagPlus = 1;
0x027E	0x3001      	MOVLW      1
0x027F	0x00AD      	MOVWF      _flagPlus
;Seminarska.c,94 :: 		switch (oldstate)
0x0280	0x2ACC      	GOTO       L_main38
;Seminarska.c,96 :: 		case 49: oldState = 65; break; // A
L_main40:
0x0281	0x3041      	MOVLW      65
0x0282	0x00A0      	MOVWF      _oldState
0x0283	0x2B2D      	GOTO       L_main39
;Seminarska.c,97 :: 		case 52: oldState = 68; break; // D
L_main41:
0x0284	0x3044      	MOVLW      68
0x0285	0x00A0      	MOVWF      _oldState
0x0286	0x2B2D      	GOTO       L_main39
;Seminarska.c,98 :: 		case 55: oldState = 71; break; // G
L_main42:
0x0287	0x3047      	MOVLW      71
0x0288	0x00A0      	MOVWF      _oldState
0x0289	0x2B2D      	GOTO       L_main39
;Seminarska.c,99 :: 		case 74: oldState = 86; break; // V
L_main43:
0x028A	0x3056      	MOVLW      86
0x028B	0x00A0      	MOVWF      _oldState
0x028C	0x2B2D      	GOTO       L_main39
;Seminarska.c,100 :: 		case 50: oldState = 66; break; // B
L_main44:
0x028D	0x3042      	MOVLW      66
0x028E	0x00A0      	MOVWF      _oldState
0x028F	0x2B2D      	GOTO       L_main39
;Seminarska.c,101 :: 		case 53: oldState = 69; break; // E
L_main45:
0x0290	0x3045      	MOVLW      69
0x0291	0x00A0      	MOVWF      _oldState
0x0292	0x2B2D      	GOTO       L_main39
;Seminarska.c,102 :: 		case 56: oldState = 72; break; // H
L_main46:
0x0293	0x3048      	MOVLW      72
0x0294	0x00A0      	MOVWF      _oldState
0x0295	0x2B2D      	GOTO       L_main39
;Seminarska.c,103 :: 		case 48: oldState = 75; break; // K
L_main47:
0x0296	0x304B      	MOVLW      75
0x0297	0x00A0      	MOVWF      _oldState
0x0298	0x2B2D      	GOTO       L_main39
;Seminarska.c,104 :: 		case 51: oldState = 67; break; // C
L_main48:
0x0299	0x3043      	MOVLW      67
0x029A	0x00A0      	MOVWF      _oldState
0x029B	0x2B2D      	GOTO       L_main39
;Seminarska.c,105 :: 		case 54: oldState = 70; break; // F
L_main49:
0x029C	0x3046      	MOVLW      70
0x029D	0x00A0      	MOVWF      _oldState
0x029E	0x2B2D      	GOTO       L_main39
;Seminarska.c,106 :: 		case 57: oldState = 73; break; // I
L_main50:
0x029F	0x3049      	MOVLW      73
0x02A0	0x00A0      	MOVWF      _oldState
0x02A1	0x2B2D      	GOTO       L_main39
;Seminarska.c,107 :: 		case 76: oldState = 89; break; // Y
L_main51:
0x02A2	0x3059      	MOVLW      89
0x02A3	0x00A0      	MOVWF      _oldState
0x02A4	0x2B2D      	GOTO       L_main39
;Seminarska.c,109 :: 		case 65: oldState = 77; break; // M
L_main52:
0x02A5	0x304D      	MOVLW      77
0x02A6	0x00A0      	MOVWF      _oldState
0x02A7	0x2B2D      	GOTO       L_main39
;Seminarska.c,110 :: 		case 68: oldState = 80; break; // P
L_main53:
0x02A8	0x3050      	MOVLW      80
0x02A9	0x00A0      	MOVWF      _oldState
0x02AA	0x2B2D      	GOTO       L_main39
;Seminarska.c,111 :: 		case 71: oldState = 83; break; // S
L_main54:
0x02AB	0x3053      	MOVLW      83
0x02AC	0x00A0      	MOVWF      _oldState
0x02AD	0x2B2D      	GOTO       L_main39
;Seminarska.c,112 :: 		case 86: oldState = 87; break; // W
L_main55:
0x02AE	0x3057      	MOVLW      87
0x02AF	0x00A0      	MOVWF      _oldState
0x02B0	0x2B2D      	GOTO       L_main39
;Seminarska.c,113 :: 		case 66: oldState = 78; break; // N
L_main56:
0x02B1	0x304E      	MOVLW      78
0x02B2	0x00A0      	MOVWF      _oldState
0x02B3	0x2B2D      	GOTO       L_main39
;Seminarska.c,114 :: 		case 69: oldState = 81; break; // Q
L_main57:
0x02B4	0x3051      	MOVLW      81
0x02B5	0x00A0      	MOVWF      _oldState
0x02B6	0x2B2D      	GOTO       L_main39
;Seminarska.c,115 :: 		case 72: oldState = 84; break; // T
L_main58:
0x02B7	0x3054      	MOVLW      84
0x02B8	0x00A0      	MOVWF      _oldState
0x02B9	0x2B2D      	GOTO       L_main39
;Seminarska.c,116 :: 		case 75: oldState = 88; break; // X
L_main59:
0x02BA	0x3058      	MOVLW      88
0x02BB	0x00A0      	MOVWF      _oldState
0x02BC	0x2B2D      	GOTO       L_main39
;Seminarska.c,117 :: 		case 67: oldState = 79; break; // O
L_main60:
0x02BD	0x304F      	MOVLW      79
0x02BE	0x00A0      	MOVWF      _oldState
0x02BF	0x2B2D      	GOTO       L_main39
;Seminarska.c,118 :: 		case 70: oldState = 82; break; // R
L_main61:
0x02C0	0x3052      	MOVLW      82
0x02C1	0x00A0      	MOVWF      _oldState
0x02C2	0x2B2D      	GOTO       L_main39
;Seminarska.c,119 :: 		case 73: oldState = 85; break; // U
L_main62:
0x02C3	0x3055      	MOVLW      85
0x02C4	0x00A0      	MOVWF      _oldState
0x02C5	0x2B2D      	GOTO       L_main39
;Seminarska.c,120 :: 		case 89: oldState = 90; break; // Z
L_main63:
0x02C6	0x305A      	MOVLW      90
0x02C7	0x00A0      	MOVWF      _oldState
0x02C8	0x2B2D      	GOTO       L_main39
;Seminarska.c,121 :: 		default: flag3 = 1;
L_main64:
0x02C9	0x3001      	MOVLW      1
0x02CA	0x00CA      	MOVWF      _flag3
;Seminarska.c,122 :: 		}
0x02CB	0x2B2D      	GOTO       L_main39
L_main38:
0x02CC	0x0820      	MOVF       _oldState, 0
0x02CD	0x3A31      	XORLW      49
0x02CE	0x1903      	BTFSC      STATUS, 2
0x02CF	0x2A81      	GOTO       L_main40
0x02D0	0x0820      	MOVF       _oldState, 0
0x02D1	0x3A34      	XORLW      52
0x02D2	0x1903      	BTFSC      STATUS, 2
0x02D3	0x2A84      	GOTO       L_main41
0x02D4	0x0820      	MOVF       _oldState, 0
0x02D5	0x3A37      	XORLW      55
0x02D6	0x1903      	BTFSC      STATUS, 2
0x02D7	0x2A87      	GOTO       L_main42
0x02D8	0x0820      	MOVF       _oldState, 0
0x02D9	0x3A4A      	XORLW      74
0x02DA	0x1903      	BTFSC      STATUS, 2
0x02DB	0x2A8A      	GOTO       L_main43
0x02DC	0x0820      	MOVF       _oldState, 0
0x02DD	0x3A32      	XORLW      50
0x02DE	0x1903      	BTFSC      STATUS, 2
0x02DF	0x2A8D      	GOTO       L_main44
0x02E0	0x0820      	MOVF       _oldState, 0
0x02E1	0x3A35      	XORLW      53
0x02E2	0x1903      	BTFSC      STATUS, 2
0x02E3	0x2A90      	GOTO       L_main45
0x02E4	0x0820      	MOVF       _oldState, 0
0x02E5	0x3A38      	XORLW      56
0x02E6	0x1903      	BTFSC      STATUS, 2
0x02E7	0x2A93      	GOTO       L_main46
0x02E8	0x0820      	MOVF       _oldState, 0
0x02E9	0x3A30      	XORLW      48
0x02EA	0x1903      	BTFSC      STATUS, 2
0x02EB	0x2A96      	GOTO       L_main47
0x02EC	0x0820      	MOVF       _oldState, 0
0x02ED	0x3A33      	XORLW      51
0x02EE	0x1903      	BTFSC      STATUS, 2
0x02EF	0x2A99      	GOTO       L_main48
0x02F0	0x0820      	MOVF       _oldState, 0
0x02F1	0x3A36      	XORLW      54
0x02F2	0x1903      	BTFSC      STATUS, 2
0x02F3	0x2A9C      	GOTO       L_main49
0x02F4	0x0820      	MOVF       _oldState, 0
0x02F5	0x3A39      	XORLW      57
0x02F6	0x1903      	BTFSC      STATUS, 2
0x02F7	0x2A9F      	GOTO       L_main50
0x02F8	0x0820      	MOVF       _oldState, 0
0x02F9	0x3A4C      	XORLW      76
0x02FA	0x1903      	BTFSC      STATUS, 2
0x02FB	0x2AA2      	GOTO       L_main51
0x02FC	0x0820      	MOVF       _oldState, 0
0x02FD	0x3A41      	XORLW      65
0x02FE	0x1903      	BTFSC      STATUS, 2
0x02FF	0x2AA5      	GOTO       L_main52
0x0300	0x0820      	MOVF       _oldState, 0
0x0301	0x3A44      	XORLW      68
0x0302	0x1903      	BTFSC      STATUS, 2
0x0303	0x2AA8      	GOTO       L_main53
0x0304	0x0820      	MOVF       _oldState, 0
0x0305	0x3A47      	XORLW      71
0x0306	0x1903      	BTFSC      STATUS, 2
0x0307	0x2AAB      	GOTO       L_main54
0x0308	0x0820      	MOVF       _oldState, 0
0x0309	0x3A56      	XORLW      86
0x030A	0x1903      	BTFSC      STATUS, 2
0x030B	0x2AAE      	GOTO       L_main55
0x030C	0x0820      	MOVF       _oldState, 0
0x030D	0x3A42      	XORLW      66
0x030E	0x1903      	BTFSC      STATUS, 2
0x030F	0x2AB1      	GOTO       L_main56
0x0310	0x0820      	MOVF       _oldState, 0
0x0311	0x3A45      	XORLW      69
0x0312	0x1903      	BTFSC      STATUS, 2
0x0313	0x2AB4      	GOTO       L_main57
0x0314	0x0820      	MOVF       _oldState, 0
0x0315	0x3A48      	XORLW      72
0x0316	0x1903      	BTFSC      STATUS, 2
0x0317	0x2AB7      	GOTO       L_main58
0x0318	0x0820      	MOVF       _oldState, 0
0x0319	0x3A4B      	XORLW      75
0x031A	0x1903      	BTFSC      STATUS, 2
0x031B	0x2ABA      	GOTO       L_main59
0x031C	0x0820      	MOVF       _oldState, 0
0x031D	0x3A43      	XORLW      67
0x031E	0x1903      	BTFSC      STATUS, 2
0x031F	0x2ABD      	GOTO       L_main60
0x0320	0x0820      	MOVF       _oldState, 0
0x0321	0x3A46      	XORLW      70
0x0322	0x1903      	BTFSC      STATUS, 2
0x0323	0x2AC0      	GOTO       L_main61
0x0324	0x0820      	MOVF       _oldState, 0
0x0325	0x3A49      	XORLW      73
0x0326	0x1903      	BTFSC      STATUS, 2
0x0327	0x2AC3      	GOTO       L_main62
0x0328	0x0820      	MOVF       _oldState, 0
0x0329	0x3A59      	XORLW      89
0x032A	0x1903      	BTFSC      STATUS, 2
0x032B	0x2AC6      	GOTO       L_main63
0x032C	0x2AC9      	GOTO       L_main64
L_main39:
;Seminarska.c,123 :: 		if(flag3){
0x032D	0x084A      	MOVF       _flag3, 0
0x032E	0x1903      	BTFSC      STATUS, 2
0x032F	0x2B31      	GOTO       L_main65
;Seminarska.c,124 :: 		greska();
0x0330	0x210E      	CALL       _greska
;Seminarska.c,125 :: 		}
L_main65:
;Seminarska.c,126 :: 		}else if(kp == 45){  //Time
0x0331	0x2C72      	GOTO       L_main66
L_main37:
0x0332	0x082C      	MOVF       _kp, 0
0x0333	0x3A2D      	XORLW      45
0x0334	0x1D03      	BTFSS      STATUS, 2
0x0335	0x2B3F      	GOTO       L_main67
;Seminarska.c,127 :: 		flagTime = 1;
0x0336	0x3001      	MOVLW      1
0x0337	0x00C3      	MOVWF      _flagTime
;Seminarska.c,128 :: 		oldState = 0;
0x0338	0x01A0      	CLRF       _oldState
;Seminarska.c,129 :: 		vreme = brStanici;
0x0339	0x0829      	MOVF       _brStanici, 0
0x033A	0x00CF      	MOVWF      _vreme
;Seminarska.c,130 :: 		brStanici = 0;
0x033B	0x01A9      	CLRF       _brStanici
0x033C	0x01AA      	CLRF       _brStanici+1
;Seminarska.c,131 :: 		brCifri = 0;
0x033D	0x01AB      	CLRF       _brCifri
;Seminarska.c,132 :: 		}else if(kp == 46){  //Add
0x033E	0x2C72      	GOTO       L_main68
L_main67:
0x033F	0x082C      	MOVF       _kp, 0
0x0340	0x3A2E      	XORLW      46
0x0341	0x1D03      	BTFSS      STATUS, 2
0x0342	0x2BF1      	GOTO       L_main69
;Seminarska.c,133 :: 		Lcd_Cmd(_LCD_CLEAR);
0x0343	0x3001      	MOVLW      1
0x0344	0x00DB      	MOVWF      FARG_Lcd_Cmd_out_char
0x0345	0x201A      	CALL       _Lcd_Cmd
;Seminarska.c,134 :: 		if(flagTime){           //Ako sakame da vneseme vreme
0x0346	0x0843      	MOVF       _flagTime, 0
0x0347	0x1903      	BTFSC      STATUS, 2
0x0348	0x2B85      	GOTO       L_main70
;Seminarska.c,135 :: 		brStanici += brCifri * 10 + (oldState - 48);
0x0349	0x082B      	MOVF       _brCifri, 0
0x034A	0x00F0      	MOVWF      R0
0x034B	0x300A      	MOVLW      10
0x034C	0x00F4      	MOVWF      R4
0x034D	0x212B      	CALL       _Mul_8X8_S
0x034E	0x3030      	MOVLW      48
0x034F	0x0220      	SUBWF      _oldState, 0
0x0350	0x00F2      	MOVWF      R2
0x0351	0x01F3      	CLRF       R2+1
0x0352	0x1C03      	BTFSS      STATUS, 0
0x0353	0x03F3      	DECF       R2+1, 1
0x0354	0x0872      	MOVF       R2, 0
0x0355	0x07F0      	ADDWF      R0, 1
0x0356	0x0873      	MOVF       R2+1, 0
0x0357	0x1803      	BTFSC      STATUS, 0
0x0358	0x3E01      	ADDLW      1
0x0359	0x07F1      	ADDWF      R0+1, 1
0x035A	0x0870      	MOVF       R0, 0
0x035B	0x0729      	ADDWF      _brStanici, 0
0x035C	0x00F3      	MOVWF      R3
0x035D	0x082A      	MOVF       _brStanici+1, 0
0x035E	0x1803      	BTFSC      STATUS, 0
0x035F	0x3E01      	ADDLW      1
0x0360	0x0771      	ADDWF      R0+1, 0
0x0361	0x00F4      	MOVWF      R3+1
0x0362	0x0873      	MOVF       R3, 0
0x0363	0x00A9      	MOVWF      _brStanici
0x0364	0x0874      	MOVF       R3+1, 0
0x0365	0x00AA      	MOVWF      _brStanici+1
;Seminarska.c,136 :: 		tmp = brStanici * 16 + 11;
0x0366	0x3004      	MOVLW      4
0x0367	0x00F2      	MOVWF      R2
0x0368	0x0873      	MOVF       R3, 0
0x0369	0x00F0      	MOVWF      R0
0x036A	0x0874      	MOVF       R3+1, 0
0x036B	0x00F1      	MOVWF      R0+1
0x036C	0x0872      	MOVF       R2, 0
L__main102:
0x036D	0x1903      	BTFSC      STATUS, 2
0x036E	0x2B74      	GOTO       L__main103
0x036F	0x0DF0      	RLF        R0, 1
0x0370	0x0DF1      	RLF        R0+1, 1
0x0371	0x1070      	BCF        R0, 0
0x0372	0x3EFF      	ADDLW      255
0x0373	0x2B6D      	GOTO       L__main102
L__main103:
0x0374	0x300B      	MOVLW      11
0x0375	0x07F0      	ADDWF      R0, 1
0x0376	0x1803      	BTFSC      STATUS, 0
0x0377	0x0AF1      	INCF       R0+1, 1
0x0378	0x0870      	MOVF       R0, 0
0x0379	0x00CD      	MOVWF      _tmp
0x037A	0x0871      	MOVF       R0+1, 0
0x037B	0x00CE      	MOVWF      _tmp+1
;Seminarska.c,137 :: 		EEPROM_Write(tmp, vreme);
0x037C	0x0870      	MOVF       R0, 0
0x037D	0x00D3      	MOVWF      FARG_EEPROM_Write_Address
0x037E	0x084F      	MOVF       _vreme, 0
0x037F	0x00D4      	MOVWF      FARG_EEPROM_Write_data_
0x0380	0x20E0      	CALL       _EEPROM_Write
;Seminarska.c,138 :: 		brCifri = 0;
0x0381	0x1283      	BCF        STATUS, 5
0x0382	0x1303      	BCF        STATUS, 6
0x0383	0x01AB      	CLRF       _brCifri
;Seminarska.c,139 :: 		}else{ //Obicno vnesuvanje na avtobuska linija bez vreme
0x0384	0x2BF0      	GOTO       L_main71
L_main70:
;Seminarska.c,140 :: 		if(oldState >= 48 && oldState <= 57){
0x0385	0x3030      	MOVLW      48
0x0386	0x0220      	SUBWF      _oldState, 0
0x0387	0x1C03      	BTFSS      STATUS, 0
0x0388	0x2BEF      	GOTO       L_main74
0x0389	0x0820      	MOVF       _oldState, 0
0x038A	0x3C39      	SUBLW      57
0x038B	0x1C03      	BTFSS      STATUS, 0
0x038C	0x2BEF      	GOTO       L_main74
L__main97:
;Seminarska.c,141 :: 		brStanici += brCifri * 10 + (oldState - 48);
0x038D	0x082B      	MOVF       _brCifri, 0
0x038E	0x00F0      	MOVWF      R0
0x038F	0x300A      	MOVLW      10
0x0390	0x00F4      	MOVWF      R4
0x0391	0x212B      	CALL       _Mul_8X8_S
0x0392	0x3030      	MOVLW      48
0x0393	0x0220      	SUBWF      _oldState, 0
0x0394	0x00F2      	MOVWF      R2
0x0395	0x01F3      	CLRF       R2+1
0x0396	0x1C03      	BTFSS      STATUS, 0
0x0397	0x03F3      	DECF       R2+1, 1
0x0398	0x0872      	MOVF       R2, 0
0x0399	0x07F0      	ADDWF      R0, 1
0x039A	0x0873      	MOVF       R2+1, 0
0x039B	0x1803      	BTFSC      STATUS, 0
0x039C	0x3E01      	ADDLW      1
0x039D	0x07F1      	ADDWF      R0+1, 1
0x039E	0x0870      	MOVF       R0, 0
0x039F	0x0729      	ADDWF      _brStanici, 0
0x03A0	0x00F2      	MOVWF      R2
0x03A1	0x082A      	MOVF       _brStanici+1, 0
0x03A2	0x1803      	BTFSC      STATUS, 0
0x03A3	0x3E01      	ADDLW      1
0x03A4	0x0771      	ADDWF      R0+1, 0
0x03A5	0x00F3      	MOVWF      R2+1
0x03A6	0x0872      	MOVF       R2, 0
0x03A7	0x00A9      	MOVWF      _brStanici
0x03A8	0x0873      	MOVF       R2+1, 0
0x03A9	0x00AA      	MOVWF      _brStanici+1
;Seminarska.c,142 :: 		EEPROM_Write(brStanici * 16, brStanici);
0x03AA	0x3004      	MOVLW      4
0x03AB	0x00F0      	MOVWF      R0
0x03AC	0x0872      	MOVF       R2, 0
0x03AD	0x00D3      	MOVWF      FARG_EEPROM_Write_Address
0x03AE	0x0870      	MOVF       R0, 0
L__main104:
0x03AF	0x1903      	BTFSC      STATUS, 2
0x03B0	0x2BB5      	GOTO       L__main105
0x03B1	0x0DD3      	RLF        FARG_EEPROM_Write_Address, 1
0x03B2	0x1053      	BCF        FARG_EEPROM_Write_Address, 0
0x03B3	0x3EFF      	ADDLW      255
0x03B4	0x2BAF      	GOTO       L__main104
L__main105:
0x03B5	0x0872      	MOVF       R2, 0
0x03B6	0x00D4      	MOVWF      FARG_EEPROM_Write_data_
0x03B7	0x20E0      	CALL       _EEPROM_Write
;Seminarska.c,143 :: 		brCifri = 0;
0x03B8	0x1283      	BCF        STATUS, 5
0x03B9	0x1303      	BCF        STATUS, 6
0x03BA	0x01AB      	CLRF       _brCifri
;Seminarska.c,144 :: 		tmp = brStanici * 16;
0x03BB	0x3004      	MOVLW      4
0x03BC	0x00F0      	MOVWF      R0
0x03BD	0x0829      	MOVF       _brStanici, 0
0x03BE	0x00CD      	MOVWF      _tmp
0x03BF	0x082A      	MOVF       _brStanici+1, 0
0x03C0	0x00CE      	MOVWF      _tmp+1
0x03C1	0x0870      	MOVF       R0, 0
L__main106:
0x03C2	0x1903      	BTFSC      STATUS, 2
0x03C3	0x2BC9      	GOTO       L__main107
0x03C4	0x0DCD      	RLF        _tmp, 1
0x03C5	0x0DCE      	RLF        _tmp+1, 1
0x03C6	0x104D      	BCF        _tmp, 0
0x03C7	0x3EFF      	ADDLW      255
0x03C8	0x2BC2      	GOTO       L__main106
L__main107:
;Seminarska.c,145 :: 		for(i = 0; i < 15; i++){
0x03C9	0x01CB      	CLRF       _i
0x03CA	0x01CC      	CLRF       _i+1
L_main75:
0x03CB	0x3080      	MOVLW      128
0x03CC	0x064C      	XORWF      _i+1, 0
0x03CD	0x00F0      	MOVWF      R0
0x03CE	0x3080      	MOVLW      128
0x03CF	0x0270      	SUBWF      R0, 0
0x03D0	0x1D03      	BTFSS      STATUS, 2
0x03D1	0x2BD4      	GOTO       L__main108
0x03D2	0x300F      	MOVLW      15
0x03D3	0x024B      	SUBWF      _i, 0
L__main108:
0x03D4	0x1803      	BTFSC      STATUS, 0
0x03D5	0x2BEE      	GOTO       L_main76
;Seminarska.c,146 :: 		tmp += 1;
0x03D6	0x0ACD      	INCF       _tmp, 1
0x03D7	0x1903      	BTFSC      STATUS, 2
0x03D8	0x0ACE      	INCF       _tmp+1, 1
;Seminarska.c,147 :: 		EEPROM_Write(tmp, linija[i]);
0x03D9	0x084D      	MOVF       _tmp, 0
0x03DA	0x00D3      	MOVWF      FARG_EEPROM_Write_Address
0x03DB	0x084B      	MOVF       _i, 0
0x03DC	0x00F0      	MOVWF      R0
0x03DD	0x084C      	MOVF       _i+1, 0
0x03DE	0x00F1      	MOVWF      R0+1
0x03DF	0x0DF0      	RLF        R0, 1
0x03E0	0x0DF1      	RLF        R0+1, 1
0x03E1	0x1070      	BCF        R0, 0
0x03E2	0x0870      	MOVF       R0, 0
0x03E3	0x3EA0      	ADDLW      _linija
0x03E4	0x0084      	MOVWF      FSR
0x03E5	0x0800      	MOVF       INDF, 0
0x03E6	0x00D4      	MOVWF      FARG_EEPROM_Write_data_
0x03E7	0x20E0      	CALL       _EEPROM_Write
;Seminarska.c,145 :: 		for(i = 0; i < 15; i++){
0x03E8	0x1283      	BCF        STATUS, 5
0x03E9	0x1303      	BCF        STATUS, 6
0x03EA	0x0ACB      	INCF       _i, 1
0x03EB	0x1903      	BTFSC      STATUS, 2
0x03EC	0x0ACC      	INCF       _i+1, 1
;Seminarska.c,148 :: 		}
0x03ED	0x2BCB      	GOTO       L_main75
L_main76:
;Seminarska.c,149 :: 		}else{
0x03EE	0x2BF0      	GOTO       L_main78
L_main74:
;Seminarska.c,150 :: 		greska();
0x03EF	0x210E      	CALL       _greska
;Seminarska.c,151 :: 		}
L_main78:
;Seminarska.c,152 :: 		}
L_main71:
;Seminarska.c,153 :: 		}else if(kp == 47){  //Erase
0x03F0	0x2C72      	GOTO       L_main79
L_main69:
0x03F1	0x082C      	MOVF       _kp, 0
0x03F2	0x3A2F      	XORLW      47
0x03F3	0x1D03      	BTFSS      STATUS, 2
0x03F4	0x2C1E      	GOTO       L_main80
;Seminarska.c,154 :: 		temp = brStanici * 16;
0x03F5	0x3004      	MOVLW      4
0x03F6	0x00F0      	MOVWF      R0
0x03F7	0x0829      	MOVF       _brStanici, 0
0x03F8	0x00AF      	MOVWF      _temp
0x03F9	0x082A      	MOVF       _brStanici+1, 0
0x03FA	0x00B0      	MOVWF      _temp+1
0x03FB	0x0870      	MOVF       R0, 0
L__main109:
0x03FC	0x1903      	BTFSC      STATUS, 2
0x03FD	0x2C03      	GOTO       L__main110
0x03FE	0x0DAF      	RLF        _temp, 1
0x03FF	0x0DB0      	RLF        _temp+1, 1
0x0400	0x102F      	BCF        _temp, 0
0x0401	0x3EFF      	ADDLW      255
0x0402	0x2BFC      	GOTO       L__main109
L__main110:
;Seminarska.c,155 :: 		for(i = 0; i < 15; i++){
0x0403	0x01CB      	CLRF       _i
0x0404	0x01CC      	CLRF       _i+1
L_main81:
0x0405	0x3080      	MOVLW      128
0x0406	0x064C      	XORWF      _i+1, 0
0x0407	0x00F0      	MOVWF      R0
0x0408	0x3080      	MOVLW      128
0x0409	0x0270      	SUBWF      R0, 0
0x040A	0x1D03      	BTFSS      STATUS, 2
0x040B	0x2C0E      	GOTO       L__main111
0x040C	0x300F      	MOVLW      15
0x040D	0x024B      	SUBWF      _i, 0
L__main111:
0x040E	0x1803      	BTFSC      STATUS, 0
0x040F	0x2C1D      	GOTO       L_main82
;Seminarska.c,156 :: 		EEPROM_Write(temp, 0);
0x0410	0x082F      	MOVF       _temp, 0
0x0411	0x00D3      	MOVWF      FARG_EEPROM_Write_Address
0x0412	0x01D4      	CLRF       FARG_EEPROM_Write_data_
0x0413	0x20E0      	CALL       _EEPROM_Write
;Seminarska.c,157 :: 		temp +=1;
0x0414	0x1283      	BCF        STATUS, 5
0x0415	0x1303      	BCF        STATUS, 6
0x0416	0x0AAF      	INCF       _temp, 1
0x0417	0x1903      	BTFSC      STATUS, 2
0x0418	0x0AB0      	INCF       _temp+1, 1
;Seminarska.c,155 :: 		for(i = 0; i < 15; i++){
0x0419	0x0ACB      	INCF       _i, 1
0x041A	0x1903      	BTFSC      STATUS, 2
0x041B	0x0ACC      	INCF       _i+1, 1
;Seminarska.c,158 :: 		}
0x041C	0x2C05      	GOTO       L_main81
L_main82:
;Seminarska.c,159 :: 		}else{
0x041D	0x2C72      	GOTO       L_main84
L_main80:
;Seminarska.c,160 :: 		if(flagPlus){  //Ako stisneme +
0x041E	0x082D      	MOVF       _flagPlus, 0
0x041F	0x1903      	BTFSC      STATUS, 2
0x0420	0x2C30      	GOTO       L_main85
;Seminarska.c,161 :: 		linija[pomestuvanje] = oldState;
0x0421	0x082E      	MOVF       _pomestuvanje, 0
0x0422	0x00F0      	MOVWF      R0
0x0423	0x0DF0      	RLF        R0, 1
0x0424	0x1070      	BCF        R0, 0
0x0425	0x0870      	MOVF       R0, 0
0x0426	0x3EA0      	ADDLW      _linija
0x0427	0x0084      	MOVWF      FSR
0x0428	0x0820      	MOVF       _oldState, 0
0x0429	0x0080      	MOVWF      INDF
0x042A	0x0A84      	INCF       FSR, 1
0x042B	0x0180      	CLRF       INDF
;Seminarska.c,162 :: 		oldState = 0;
0x042C	0x01A0      	CLRF       _oldState
;Seminarska.c,163 :: 		pomestuvanje++;
0x042D	0x0AAE      	INCF       _pomestuvanje, 1
;Seminarska.c,164 :: 		brCifri = 0;
0x042E	0x01AB      	CLRF       _brCifri
;Seminarska.c,165 :: 		}else if(oldState == 76 || oldState == 74){ // J ili L
0x042F	0x2C72      	GOTO       L_main86
L_main85:
0x0430	0x0820      	MOVF       _oldState, 0
0x0431	0x3A4C      	XORLW      76
0x0432	0x1903      	BTFSC      STATUS, 2
0x0433	0x2C39      	GOTO       L__main96
0x0434	0x0820      	MOVF       _oldState, 0
0x0435	0x3A4A      	XORLW      74
0x0436	0x1903      	BTFSC      STATUS, 2
0x0437	0x2C39      	GOTO       L__main96
0x0438	0x2C52      	GOTO       L_main89
L__main96:
;Seminarska.c,166 :: 		linija[pomestuvanje] = oldState;
0x0439	0x082E      	MOVF       _pomestuvanje, 0
0x043A	0x00F0      	MOVWF      R0
0x043B	0x0DF0      	RLF        R0, 1
0x043C	0x1070      	BCF        R0, 0
0x043D	0x0870      	MOVF       R0, 0
0x043E	0x3EA0      	ADDLW      _linija
0x043F	0x0084      	MOVWF      FSR
0x0440	0x0820      	MOVF       _oldState, 0
0x0441	0x0080      	MOVWF      INDF
0x0442	0x0A84      	INCF       FSR, 1
0x0443	0x0180      	CLRF       INDF
;Seminarska.c,167 :: 		oldState = 0;
0x0444	0x01A0      	CLRF       _oldState
;Seminarska.c,168 :: 		pomestuvanje++;
0x0445	0x0AAE      	INCF       _pomestuvanje, 1
;Seminarska.c,169 :: 		Lcd_Cmd(_LCD_CLEAR);
0x0446	0x3001      	MOVLW      1
0x0447	0x00DB      	MOVWF      FARG_Lcd_Cmd_out_char
0x0448	0x201A      	CALL       _Lcd_Cmd
;Seminarska.c,170 :: 		Lcd_Out(1,1, "J ili L");
0x0449	0x3001      	MOVLW      1
0x044A	0x00D5      	MOVWF      FARG_Lcd_Out_row
0x044B	0x3001      	MOVLW      1
0x044C	0x00D6      	MOVWF      FARG_Lcd_Out_column
0x044D	0x303B      	MOVLW      ?lstr3_Seminarska
0x044E	0x00D7      	MOVWF      FARG_Lcd_Out_text
0x044F	0x2062      	CALL       _Lcd_Out
;Seminarska.c,171 :: 		brCifri = 0;
0x0450	0x01AB      	CLRF       _brCifri
;Seminarska.c,172 :: 		}else{
0x0451	0x2C72      	GOTO       L_main90
L_main89:
;Seminarska.c,173 :: 		if(oldState >= 48 && oldState <= 57){   // Ako e vnesena brojka
0x0452	0x3030      	MOVLW      48
0x0453	0x0220      	SUBWF      _oldState, 0
0x0454	0x1C03      	BTFSS      STATUS, 0
0x0455	0x2C72      	GOTO       L_main93
0x0456	0x0820      	MOVF       _oldState, 0
0x0457	0x3C39      	SUBLW      57
0x0458	0x1C03      	BTFSS      STATUS, 0
0x0459	0x2C72      	GOTO       L_main93
L__main95:
;Seminarska.c,174 :: 		brStanici += brCifri * 10 + (oldState - 48);
0x045A	0x082B      	MOVF       _brCifri, 0
0x045B	0x00F0      	MOVWF      R0
0x045C	0x300A      	MOVLW      10
0x045D	0x00F4      	MOVWF      R4
0x045E	0x212B      	CALL       _Mul_8X8_S
0x045F	0x3030      	MOVLW      48
0x0460	0x0220      	SUBWF      _oldState, 0
0x0461	0x00F2      	MOVWF      R2
0x0462	0x01F3      	CLRF       R2+1
0x0463	0x1C03      	BTFSS      STATUS, 0
0x0464	0x03F3      	DECF       R2+1, 1
0x0465	0x0872      	MOVF       R2, 0
0x0466	0x07F0      	ADDWF      R0, 1
0x0467	0x0873      	MOVF       R2+1, 0
0x0468	0x1803      	BTFSC      STATUS, 0
0x0469	0x3E01      	ADDLW      1
0x046A	0x07F1      	ADDWF      R0+1, 1
0x046B	0x0870      	MOVF       R0, 0
0x046C	0x07A9      	ADDWF      _brStanici, 1
0x046D	0x0871      	MOVF       R0+1, 0
0x046E	0x1803      	BTFSC      STATUS, 0
0x046F	0x3E01      	ADDLW      1
0x0470	0x07AA      	ADDWF      _brStanici+1, 1
;Seminarska.c,175 :: 		brCifri++;
0x0471	0x0AAB      	INCF       _brCifri, 1
;Seminarska.c,176 :: 		}
L_main93:
;Seminarska.c,177 :: 		}
L_main90:
L_main86:
;Seminarska.c,178 :: 		}
L_main84:
L_main79:
L_main68:
L_main66:
;Seminarska.c,179 :: 		}while(1);
0x0472	0x29CA      	GOTO       L_main4
L_main5:
;Seminarska.c,180 :: 		}else{
0x0473	0x2C7E      	GOTO       L_main94
L_main3:
;Seminarska.c,181 :: 		Lcd_Cmd(_LCD_CLEAR);
0x0474	0x3001      	MOVLW      1
0x0475	0x00DB      	MOVWF      FARG_Lcd_Cmd_out_char
0x0476	0x201A      	CALL       _Lcd_Cmd
;Seminarska.c,182 :: 		Lcd_Out(1,1, "Ropakinja");
0x0477	0x3001      	MOVLW      1
0x0478	0x00D5      	MOVWF      FARG_Lcd_Out_row
0x0479	0x3001      	MOVLW      1
0x047A	0x00D6      	MOVWF      FARG_Lcd_Out_column
0x047B	0x3031      	MOVLW      ?lstr4_Seminarska
0x047C	0x00D7      	MOVWF      FARG_Lcd_Out_text
0x047D	0x2062      	CALL       _Lcd_Out
;Seminarska.c,183 :: 		}
L_main94:
;Seminarska.c,184 :: 		}
0x047E	0x29C8      	GOTO       L_main1
;Seminarska.c,185 :: 		}
L_end_main:
0x047F	0x2C7F      	GOTO       $+0
; end of _main
0x04B6	0x3020      	MOVLW      32
0x04B7	0x0084      	MOVWF      FSR
0x04B8	0x3030      	MOVLW      48
0x04B9	0x1283      	BCF        STATUS, 5
0x04BA	0x1303      	BCF        STATUS, 6
0x04BB	0x00F0      	MOVWF      R0
0x04BC	0x3085      	MOVLW      133
0x04BD	0x00D0      	MOVWF      ___DoICPAddr
0x04BE	0x3004      	MOVLW      4
0x04BF	0x00D1      	MOVWF      81
0x04C0	0x21AA      	CALL       426
0x04C1	0x0008      	RETURN
;Seminarska.c,0 :: ?ICS_oldState
0x0485	0x3400 ;?ICS_oldState+0
; end of ?ICS_oldState
;Seminarska.c,0 :: ?ICS?lstr1_Seminarska
0x0486	0x3447 ;?ICS?lstr1_Seminarska+0
0x0487	0x3472 ;?ICS?lstr1_Seminarska+1
0x0488	0x3465 ;?ICS?lstr1_Seminarska+2
0x0489	0x3473 ;?ICS?lstr1_Seminarska+3
0x048A	0x3468 ;?ICS?lstr1_Seminarska+4
0x048B	0x346B ;?ICS?lstr1_Seminarska+5
0x048C	0x3461 ;?ICS?lstr1_Seminarska+6
0x048D	0x3400 ;?ICS?lstr1_Seminarska+7
; end of ?ICS?lstr1_Seminarska
;Seminarska.c,0 :: ?ICS_brStanici
0x048E	0x3400 ;?ICS_brStanici+0
0x048F	0x3400 ;?ICS_brStanici+1
; end of ?ICS_brStanici
;Seminarska.c,0 :: ?ICS_brCifri
0x0490	0x3400 ;?ICS_brCifri+0
; end of ?ICS_brCifri
;Seminarska.c,0 :: ?ICS_kp
0x0491	0x3400 ;?ICS_kp+0
; end of ?ICS_kp
;Seminarska.c,0 :: ?ICS_flagPlus
0x0492	0x3400 ;?ICS_flagPlus+0
; end of ?ICS_flagPlus
;Seminarska.c,0 :: ?ICS_pomestuvanje
0x0493	0x3400 ;?ICS_pomestuvanje+0
; end of ?ICS_pomestuvanje
;Seminarska.c,0 :: ?ICS_temp
0x0494	0x3400 ;?ICS_temp+0
0x0495	0x3400 ;?ICS_temp+1
; end of ?ICS_temp
;Seminarska.c,0 :: ?ICS?lstr4_Seminarska
0x0496	0x3452 ;?ICS?lstr4_Seminarska+0
0x0497	0x346F ;?ICS?lstr4_Seminarska+1
0x0498	0x3470 ;?ICS?lstr4_Seminarska+2
0x0499	0x3461 ;?ICS?lstr4_Seminarska+3
0x049A	0x346B ;?ICS?lstr4_Seminarska+4
0x049B	0x3469 ;?ICS?lstr4_Seminarska+5
0x049C	0x346E ;?ICS?lstr4_Seminarska+6
0x049D	0x346A ;?ICS?lstr4_Seminarska+7
0x049E	0x3461 ;?ICS?lstr4_Seminarska+8
0x049F	0x3400 ;?ICS?lstr4_Seminarska+9
; end of ?ICS?lstr4_Seminarska
;Seminarska.c,0 :: ?ICS?lstr3_Seminarska
0x04A0	0x344A ;?ICS?lstr3_Seminarska+0
0x04A1	0x3420 ;?ICS?lstr3_Seminarska+1
0x04A2	0x3469 ;?ICS?lstr3_Seminarska+2
0x04A3	0x346C ;?ICS?lstr3_Seminarska+3
0x04A4	0x3469 ;?ICS?lstr3_Seminarska+4
0x04A5	0x3420 ;?ICS?lstr3_Seminarska+5
0x04A6	0x344C ;?ICS?lstr3_Seminarska+6
0x04A7	0x3400 ;?ICS?lstr3_Seminarska+7
; end of ?ICS?lstr3_Seminarska
;Seminarska.c,0 :: ?ICS_flagTime
0x04A8	0x3400 ;?ICS_flagTime+0
; end of ?ICS_flagTime
;Seminarska.c,0 :: ?ICS?lstr2_Seminarska
0x04A9	0x3456 ;?ICS?lstr2_Seminarska+0
0x04AA	0x346E ;?ICS?lstr2_Seminarska+1
0x04AB	0x3465 ;?ICS?lstr2_Seminarska+2
0x04AC	0x3473 ;?ICS?lstr2_Seminarska+3
0x04AD	0x3469 ;?ICS?lstr2_Seminarska+4
0x04AE	0x3400 ;?ICS?lstr2_Seminarska+5
; end of ?ICS?lstr2_Seminarska
;Seminarska.c,0 :: ?ICS_flag3
0x04AF	0x3400 ;?ICS_flag3+0
; end of ?ICS_flag3
;Seminarska.c,0 :: ?ICS_i
0x04B0	0x3400 ;?ICS_i+0
0x04B1	0x3400 ;?ICS_i+1
; end of ?ICS_i
;Seminarska.c,0 :: ?ICS_tmp
0x04B2	0x3400 ;?ICS_tmp+0
0x04B3	0x3400 ;?ICS_tmp+1
; end of ?ICS_tmp
;Seminarska.c,0 :: ?ICS_vreme
0x04B4	0x3400 ;?ICS_vreme+0
; end of ?ICS_vreme
Symbol List:
//** Routines locations **
//ADDRESS    SIZE    PROCEDURE
//----------------------------------------------
0x0003       [7]    _Delay_50us
0x000A       [3]    _Delay_1us
0x000D      [13]    _Delay_5500us
0x001A      [64]    _Lcd_Cmd
0x005A       [8]    _Lcd_Chr_CP
0x0062      [64]    _Lcd_Out
0x00A2       [8]    _Delay_10us
0x00AA      [47]    _Keypad_Key_Press
0x00D9       [7]    _____DoICP
0x00E0      [33]    _EEPROM_Write
0x0101      [13]    _Keypad_Key_Click
0x010E      [29]    _greska
0x012B      [49]    _Mul_8X8_S
0x015C      [78]    _Lcd_Init
0x01AA      [12]    ___CC2DW
0x01B6       [5]    _Keypad_Init
0x01BB     [708]    _main
//** Variables locations ** 
//ADDRESS    SIZE    VARIABLE
//----------------------------------------------
0x0000       [1]    INDF
0x0002       [1]    PCL
0x0003       [1]    STATUS
0x0004       [1]    FSR
0x0006       [0]    LCD_D5
0x0006       [0]    LCD_D6
0x0006       [0]    LCD_D7
0x0006       [0]    RB5_bit
0x0006       [0]    RB4_bit
0x0006       [0]    RB1_bit
0x0006       [0]    RB0_bit
0x0006       [0]    RB3_bit
0x0006       [0]    RB2_bit
0x0006       [0]    LCD_D4
0x0006       [0]    LCD_EN
0x0006       [0]    LCD_RS
0x0008       [1]    keypadPort
0x0008       [1]    PORTD
0x0009       [0]    RE2_bit
0x000A       [1]    PCLATH
0x000B       [1]    INTCON
0x0020       [1]    _oldState
0x0021       [8]    ?lstr1_Seminarska
0x0029       [2]    _brStanici
0x002B       [1]    _brCifri
0x002C       [1]    _kp
0x002D       [1]    _flagPlus
0x002E       [1]    _pomestuvanje
0x002F       [2]    _temp
0x0031      [10]    ?lstr4_Seminarska
0x003B       [8]    ?lstr3_Seminarska
0x0043       [1]    _flagTime
0x0044       [6]    ?lstr2_Seminarska
0x004A       [1]    _flag3
0x004B       [2]    _i
0x004D       [2]    _tmp
0x004F       [1]    _vreme
0x0050       [2]    ___DoICPAddr
0x0052       [0]    __Lib_Lcd_cmd_status
0x0053       [1]    Keypad_Key_Click_rslt_L0
0x0053       [1]    FARG_EEPROM_Write_Address
0x0054       [1]    FARG_EEPROM_Write_data_
0x0055       [1]    Keypad_Key_Press_rslt_L0
0x0055       [1]    FARG_Lcd_Out_row
0x0056       [1]    FARG_Lcd_Out_column
0x0056       [1]    Keypad_Key_Press_kdata_L0
0x0057       [1]    FARG_Lcd_Out_text
0x0057       [1]    Keypad_Key_Press_loc_L0
0x0058       [1]    Lcd_Out_i_L0
0x0058       [1]    Keypad_Key_Press_rowcnt_L0
0x0059       [1]    Keypad_Key_Press_shifter_L0
0x005A       [1]    FARG_Lcd_Chr_CP_out_char
0x005B       [1]    FARG_Lcd_Cmd_out_char
0x0070       [1]    R0
0x0071       [1]    R1
0x0072       [1]    R2
0x0073       [1]    R3
0x0074       [1]    R4
0x0075       [1]    R5
0x0076       [1]    R6
0x0077       [1]    R7
0x0078       [1]    R8
0x0079       [1]    R9
0x007A       [1]    R10
0x007B       [1]    R11
0x007C       [1]    R12
0x007D       [1]    R13
0x007E       [1]    R14
0x007F       [1]    R15
0x0086       [0]    LCD_D4_Direction
0x0086       [0]    TRISB0_bit
0x0086       [0]    TRISB3_bit
0x0086       [0]    TRISB1_bit
0x0086       [0]    TRISB4_bit
0x0086       [0]    LCD_D6_Direction
0x0086       [0]    LCD_D5_Direction
0x0086       [0]    LCD_D7_Direction
0x0086       [0]    TRISB5_bit
0x0086       [0]    LCD_RS_Direction
0x0086       [0]    LCD_EN_Direction
0x0086       [0]    TRISB2_bit
0x00A0      [32]    _linija
0x010C       [1]    EEDATA
0x010D       [1]    EEADR
0x0188       [1]    ANSEL
0x0189       [1]    ANSELH
0x018C       [1]    EECON1
0x018D       [1]    EECON2
//** Constants locations ** 
//ADDRESS    SIZE    CONSTANT
//----------------------------------------------
0x0485       [1]    ?ICS_oldState
0x0486       [8]    ?ICS?lstr1_Seminarska
0x048E       [2]    ?ICS_brStanici
0x0490       [1]    ?ICS_brCifri
0x0491       [1]    ?ICS_kp
0x0492       [1]    ?ICS_flagPlus
0x0493       [1]    ?ICS_pomestuvanje
0x0494       [2]    ?ICS_temp
0x0496      [10]    ?ICS?lstr4_Seminarska
0x04A0       [8]    ?ICS?lstr3_Seminarska
0x04A8       [1]    ?ICS_flagTime
0x04A9       [6]    ?ICS?lstr2_Seminarska
0x04AF       [1]    ?ICS_flag3
0x04B0       [2]    ?ICS_i
0x04B2       [2]    ?ICS_tmp
0x04B4       [1]    ?ICS_vreme
//** Label List: ** 
//----------------------------------------------
  L_greska0
  L_main1
  L_main2
  L_main3
  L_main4
  L_main5
  L_main6
  L_main7
  L_main8
  L_main9
  L_main10
  L_main11
  L_main12
  L_main13
  L_main14
  L_main15
  L_main16
  L_main17
  L_main18
  L_main19
  L_main20
  L_main21
  L_main22
  L_main23
  L_main24
  L_main25
  L_main26
  L_main27
  L_main28
  L_main29
  L_main30
  L_main31
  L_main32
  L_main33
  L_main34
  L_main35
  L_main36
  L_main37
  L_main38
  L_main39
  L_main40
  L_main41
  L_main42
  L_main43
  L_main44
  L_main45
  L_main46
  L_main47
  L_main48
  L_main49
  L_main50
  L_main51
  L_main52
  L_main53
  L_main54
  L_main55
  L_main56
  L_main57
  L_main58
  L_main59
  L_main60
  L_main61
  L_main62
  L_main63
  L_main64
  L_main65
  L_main66
  L_main67
  L_main68
  L_main69
  L_main70
  L_main71
  L_main72
  L_main73
  L_main74
  L_main75
  L_main76
  L_main77
  L_main78
  L_main79
  L_main80
  L_main81
  L_main82
  L_main83
  L_main84
  L_main85
  L_main86
  L_main87
  L_main88
  L_main89
  L_main90
  L_main91
  L_main92
  L_main93
  L_main94
  L__main95
  L__main96
  L__main97
  L__main98
  L__main99
  L_end_greska
  _greska
  L_end_main
  _main
  L__main102
  L__main103
  L__main104
  L__main105
  L__main106
  L__main107
  L__main108
  L__main109
  L__main110
  L__main111
  L_Delay_10us0
  L_Delay_22us1
  L_Delay_50us2
  L_Delay_80us3
  L_Delay_500us4
  L_Delay_5500us5
  L_Delay_1ms6
  L_Delay_5ms7
  L_Delay_8ms8
  L_Delay_10ms9
  L_Delay_100ms10
  L_Delay_1sec11
  L_boot16_Delay_5ms12
  L_Delay_Cyc13
  L_Delay_Cyc14
  L_VDelay_ms15
  L_VDelay_ms16
  L_VDelay_ms17
  L_VDelay_Advanced_ms18
  L_VDelay_Advanced_ms19
  L_VDelay_Advanced_ms20
  L_end_Get_Fosc_kHz
  _Get_Fosc_kHz
  L_end_Delay_1us
  _Delay_1us
  L_end_Delay_10us
  _Delay_10us
  L_end_Delay_22us
  _Delay_22us
  L_end_Delay_50us
  _Delay_50us
  L_end_Delay_80us
  _Delay_80us
  L_end_Delay_500us
  _Delay_500us
  L_end_Delay_5500us
  _Delay_5500us
  L_end_Delay_1ms
  _Delay_1ms
  L_end_Delay_5ms
  _Delay_5ms
  L_end_Delay_8ms
  _Delay_8ms
  L_end_Delay_10ms
  _Delay_10ms
  L_end_Delay_100ms
  _Delay_100ms
  L_end_Delay_1sec
  _Delay_1sec
  L_end_boot16_Delay_5ms
  _boot16_Delay_5ms
  L_end_Delay_Cyc
  _Delay_Cyc
  L_end_VDelay_ms
  _VDelay_ms
  L__VDelay_ms38
  L__VDelay_ms39
  L__VDelay_ms40
  L_end_VDelay_Advanced_ms
  _VDelay_Advanced_ms
  L__VDelay_Advanced_ms42
  L__VDelay_Advanced_ms43
  L__VDelay_Advanced_ms44
  L_EEPROM_Write0
  L_EEPROM_Write1
  L_end_EEPROM_Read
  _EEPROM_Read
  L_end_EEPROM_Write
  _EEPROM_Write
  L__EEPROM_Write4
  L__EEPROM_Write5
  L_Keypad_Key_Press0
  L_Keypad_Key_Press1
  L_Keypad_Key_Press2
  L_Keypad_Key_Press3
  L_Keypad_Key_Press4
  L_Keypad_Key_Click5
  L_Keypad_Key_Click6
  L_end_Keypad_Init
  _Keypad_Init
  L_end_Keypad_Key_Press
  _Keypad_Key_Press
  L_end_Keypad_Key_Click
  _Keypad_Key_Click
  L_Lcd_Cmd0
  L_Lcd_Cmd1
  L_Lcd_Out_CP2
  L_Lcd_Out_CP3
  L_Lcd_Chr4
  L_Lcd_Chr5
  L_Lcd_Chr6
  L_Lcd_Chr7
  L_Lcd_Chr8
  L_Lcd_Chr9
  L_Lcd_Chr10
  L_Lcd_Out11
  L_Lcd_Out12
  L_Lcd_Out13
  L_Lcd_Out14
  L_Lcd_Out15
  L_Lcd_Out16
  L_Lcd_Out17
  L_Lcd_Out18
  L_Lcd_Out19
  L_end_Lcd_Cmd
  _Lcd_Cmd
  L__Lcd_Cmd21
  L__Lcd_Cmd22
  L__Lcd_Cmd23
  L__Lcd_Cmd24
  L__Lcd_Cmd25
  L__Lcd_Cmd26
  L__Lcd_Cmd27
  L__Lcd_Cmd28
  L__Lcd_Cmd29
  L__Lcd_Cmd30
  L__Lcd_Cmd31
  L__Lcd_Cmd32
  L__Lcd_Cmd33
  L__Lcd_Cmd34
  L__Lcd_Cmd35
  L__Lcd_Cmd36
  L__Lcd_Cmd37
  L__Lcd_Cmd38
  L__Lcd_Cmd39
  L__Lcd_Cmd40
  L_end_Lcd_Chr_CP
  _Lcd_Chr_CP
  L_end_Lcd_Out_CP
  _Lcd_Out_CP
  L_end_Lcd_Chr
  _Lcd_Chr
  L_end_Lcd_Init
  _Lcd_Init
  L_end_Lcd_Out
  _Lcd_Out
  L_Div_16x16_S0
  L_Div_16x16_S1
  LOOPS3232A
  SADD22LA
  SOK22LA
  SADD22L8
  SOK22L8
  LOOPS3232B
  SADD22LB
  SOK22LB
  SADD22L16
  SOK22L16
  LOOPS3232C
  SADD22LC
  SOK22LC
  SADD22L24
  SOK22L24
  LOOPS3232D
  SADD22LD
  SOK22LD
  SOK22L
  L_Div_32x32_S6
  L_Div_32x32_S7
  L_Div_32x32_S8
  L_Div_32x32_S9
  FXD3232S
  END_ALL
  CA3232S
  C3232SX
  C3232SX1
  C3232S
  C3232S2
  C3232SX4
  C3232SOK
  C3232SX3
  C3232SX2
  avoid_comfrem
  LOOPU3232A
  UADD22LA
  UOK22LA
  UADD22L8
  UOK22L8
  LOOPU3232B
  UADD22LB
  UOK22LB
  UADD22L16
  UOK22L16
  LOOPU3232C
  UADD22LC
  UOK22LC
  UADD22L24
  UOK22L24
  LOOPU3232D
  UADD22LD
  UOK22LD
  UOK22L
  _NEXT
  _EXIT2
  _LOOP
  _EXIT1
  _IF_FIRST
  _IF_SECOND
  _INVERCE_FIRST
  _MULT
  _INBERSE_SECOND
  _EXIT
  L_end_Mul_8X8_U
  _Mul_8X8_U
  L_end_Mul_16X16_U
  _Mul_16X16_U
  L_end_Div_8X8_U
  _Div_8X8_U
  L_end_Div_16X16_U
  _Div_16X16_U
  L_end_Mul_8X8_S
  _Mul_8X8_S
  L_end_Mul_16X16_S
  _Mul_16X16_S
  L_end_Div_16x16_S_L
  _Div_16x16_S_L
  L_end_Div_16x16_S
  _Div_16x16_S
  L_end_Div_8X8_S
  _Div_8X8_S
  L_end_SDIV3232L
  _SDIV3232L
  L_end_COMFREM
  _COMFREM
  L_end_Div_32x32_S
  _Div_32x32_S
  L_end_Div_32x32_U
  _Div_32x32_U
  L_end_Mul_32x32_U
  _Mul_32x32_U
  L_end_Mul_32x32_S
  _Mul_32x32_S
  L_loopCA2AWs
  L_CA2AWend
  _CCA2AW_Loop1
  L_loopCS2Ss
  L_CS2Send
  _CCS2S_Loop1
  L_CCS2Send
  L_loopFZinSWs
  L_FZinSend
  _CC2D_Loop1
  L_end_____DoICP
  _____DoICP
  L_end_____DoIFC
  _____DoIFC
  L_end___CA2AW
  ___CA2AW
  L_end___CCA2AW
  ___CCA2AW
  L_end___CS2S
  ___CS2S
  L_end___CCS2S
  ___CCS2S
  L_end___FZinS
  ___FZinS
  L_end___CC2DW
  ___CC2DW
  L_end_Swap
  _Swap
